13-Nov-2024 20:24:34.843 INFO [main] org.apache.catalina.startup.VersionLoggerListener.log Server version name:   Apache Tomcat/10.1.18
13-Nov-2024 20:24:34.850 INFO [main] org.apache.catalina.startup.VersionLoggerListener.log Server built:          Jan 5 2024 14:39:40 UTC
13-Nov-2024 20:24:34.850 INFO [main] org.apache.catalina.startup.VersionLoggerListener.log Server version number: 10.1.18.0
13-Nov-2024 20:24:34.851 INFO [main] org.apache.catalina.startup.VersionLoggerListener.log OS Name:               Windows 11
13-Nov-2024 20:24:34.851 INFO [main] org.apache.catalina.startup.VersionLoggerListener.log OS Version:            10.0
13-Nov-2024 20:24:34.851 INFO [main] org.apache.catalina.startup.VersionLoggerListener.log Architecture:          amd64
13-Nov-2024 20:24:34.851 INFO [main] org.apache.catalina.startup.VersionLoggerListener.log Java Home:             C:\Program Files\Java\jdk-21
13-Nov-2024 20:24:34.851 INFO [main] org.apache.catalina.startup.VersionLoggerListener.log JVM Version:           21.0.2+13-LTS-58
13-Nov-2024 20:24:34.851 INFO [main] org.apache.catalina.startup.VersionLoggerListener.log JVM Vendor:            Oracle Corporation
13-Nov-2024 20:24:34.851 INFO [main] org.apache.catalina.startup.VersionLoggerListener.log CATALINA_BASE:         C:\apache-tomcat-10.1.18
13-Nov-2024 20:24:34.851 INFO [main] org.apache.catalina.startup.VersionLoggerListener.log CATALINA_HOME:         C:\apache-tomcat-10.1.18
13-Nov-2024 20:24:34.874 INFO [main] org.apache.catalina.startup.VersionLoggerListener.log Command line argument: -Djava.util.logging.config.file=C:\apache-tomcat-10.1.18\conf\logging.properties
13-Nov-2024 20:24:34.875 INFO [main] org.apache.catalina.startup.VersionLoggerListener.log Command line argument: -Djava.util.logging.manager=org.apache.juli.ClassLoaderLogManager
13-Nov-2024 20:24:34.875 INFO [main] org.apache.catalina.startup.VersionLoggerListener.log Command line argument: -Djdk.tls.ephemeralDHKeySize=2048
13-Nov-2024 20:24:34.875 INFO [main] org.apache.catalina.startup.VersionLoggerListener.log Command line argument: -Djava.protocol.handler.pkgs=org.apache.catalina.webresources
13-Nov-2024 20:24:34.875 INFO [main] org.apache.catalina.startup.VersionLoggerListener.log Command line argument: --add-opens=java.base/java.lang=ALL-UNNAMED
13-Nov-2024 20:24:34.876 INFO [main] org.apache.catalina.startup.VersionLoggerListener.log Command line argument: --add-opens=java.base/java.io=ALL-UNNAMED
13-Nov-2024 20:24:34.876 INFO [main] org.apache.catalina.startup.VersionLoggerListener.log Command line argument: --add-opens=java.base/java.util=ALL-UNNAMED
13-Nov-2024 20:24:34.876 INFO [main] org.apache.catalina.startup.VersionLoggerListener.log Command line argument: --add-opens=java.base/java.util.concurrent=ALL-UNNAMED
13-Nov-2024 20:24:34.876 INFO [main] org.apache.catalina.startup.VersionLoggerListener.log Command line argument: --add-opens=java.rmi/sun.rmi.transport=ALL-UNNAMED
13-Nov-2024 20:24:34.877 INFO [main] org.apache.catalina.startup.VersionLoggerListener.log Command line argument: -Dcatalina.base=C:\apache-tomcat-10.1.18
13-Nov-2024 20:24:34.877 INFO [main] org.apache.catalina.startup.VersionLoggerListener.log Command line argument: -Dcatalina.home=C:\apache-tomcat-10.1.18
13-Nov-2024 20:24:34.877 INFO [main] org.apache.catalina.startup.VersionLoggerListener.log Command line argument: -Djava.io.tmpdir=C:\apache-tomcat-10.1.18\temp
13-Nov-2024 20:24:34.899 INFO [main] org.apache.catalina.core.AprLifecycleListener.lifecycleEvent Loaded Apache Tomcat Native library [2.0.6] using APR version [1.7.4].
13-Nov-2024 20:24:34.913 INFO [main] org.apache.catalina.core.AprLifecycleListener.initializeSSL OpenSSL successfully initialized [OpenSSL 3.0.11 19 Sep 2023]
13-Nov-2024 20:24:35.245 INFO [main] org.apache.coyote.AbstractProtocol.init Initializing ProtocolHandler ["http-nio-8080"]
13-Nov-2024 20:24:35.276 INFO [main] org.apache.catalina.startup.Catalina.load Server initialization in [673] milliseconds
13-Nov-2024 20:24:35.339 INFO [main] org.apache.catalina.core.StandardService.startInternal Starting service [Catalina]
13-Nov-2024 20:24:35.340 INFO [main] org.apache.catalina.core.StandardEngine.startInternal Starting Servlet engine: [Apache Tomcat/10.1.18]
13-Nov-2024 20:24:35.386 INFO [main] org.apache.catalina.startup.HostConfig.deployWAR Deploying web application archive [C:\apache-tomcat-10.1.18\webapps\webapp.war]
13-Nov-2024 20:24:38.805 INFO [main] org.apache.jasper.servlet.TldScanner.scanJars At least one JAR was scanned for TLDs yet contained no TLDs. Enable debug logging for this logger for a complete list of JARs that were scanned but no TLDs were found in them. Skipping unneeded JARs during scanning can improve startup time and JSP compilation time.
13-Nov-2024 20:24:39.219 WARNING [main] org.glassfish.jersey.server.wadl.WadlFeature.configure JAXBContext implementation could not be found. WADL feature is disabled.
13-Nov-2024 20:24:39.647 INFO [main] org.apache.catalina.startup.HostConfig.deployWAR Deployment of web application archive [C:\apache-tomcat-10.1.18\webapps\webapp.war] has finished in [4.260] ms
13-Nov-2024 20:24:39.648 INFO [main] org.apache.catalina.startup.HostConfig.deployDirectory Diretório de instalação da aplicação web [C:\apache-tomcat-10.1.18\webapps\challenge1_war]
13-Nov-2024 20:24:44.345 INFO [main] org.apache.jasper.servlet.TldScanner.scanJars At least one JAR was scanned for TLDs yet contained no TLDs. Enable debug logging for this logger for a complete list of JARs that were scanned but no TLDs were found in them. Skipping unneeded JARs during scanning can improve startup time and JSP compilation time.
13-Nov-2024 20:24:45.550 WARNING [main] org.glassfish.jersey.server.wadl.WadlFeature.configure JAXBContext implementation could not be found. WADL feature is disabled.
13-Nov-2024 20:24:46.883 INFO [main] org.apache.catalina.startup.HostConfig.deployDirectory Deployment of web application directory [C:\apache-tomcat-10.1.18\webapps\challenge1_war] has finished in [7.235] ms
13-Nov-2024 20:24:46.885 INFO [main] org.apache.catalina.startup.HostConfig.deployDirectory Diretório de instalação da aplicação web [C:\apache-tomcat-10.1.18\webapps\Challenge_Java_Sprint4_war]
13-Nov-2024 20:24:51.859 INFO [main] org.apache.jasper.servlet.TldScanner.scanJars At least one JAR was scanned for TLDs yet contained no TLDs. Enable debug logging for this logger for a complete list of JARs that were scanned but no TLDs were found in them. Skipping unneeded JARs during scanning can improve startup time and JSP compilation time.
13-Nov-2024 20:24:53.008 WARNING [main] org.glassfish.jersey.server.wadl.WadlFeature.configure JAXBContext implementation could not be found. WADL feature is disabled.
13-Nov-2024 20:24:54.254 INFO [main] org.apache.catalina.startup.HostConfig.deployDirectory Deployment of web application directory [C:\apache-tomcat-10.1.18\webapps\Challenge_Java_Sprint4_war] has finished in [7.368] ms
13-Nov-2024 20:24:54.255 INFO [main] org.apache.catalina.startup.HostConfig.deployDirectory Diretório de instalação da aplicação web [C:\apache-tomcat-10.1.18\webapps\ddd_study_war]
13-Nov-2024 20:24:59.062 INFO [main] org.apache.jasper.servlet.TldScanner.scanJars At least one JAR was scanned for TLDs yet contained no TLDs. Enable debug logging for this logger for a complete list of JARs that were scanned but no TLDs were found in them. Skipping unneeded JARs during scanning can improve startup time and JSP compilation time.
13-Nov-2024 20:25:00.194 WARNING [main] org.glassfish.jersey.server.wadl.WadlFeature.configure JAXBContext implementation could not be found. WADL feature is disabled.
13-Nov-2024 20:25:01.552 INFO [main] org.apache.catalina.startup.HostConfig.deployDirectory Deployment of web application directory [C:\apache-tomcat-10.1.18\webapps\ddd_study_war] has finished in [7.296] ms
13-Nov-2024 20:25:01.553 INFO [main] org.apache.catalina.startup.HostConfig.deployDirectory Diretório de instalação da aplicação web [C:\apache-tomcat-10.1.18\webapps\ddd_usuario_war]
13-Nov-2024 20:25:06.006 INFO [main] org.apache.jasper.servlet.TldScanner.scanJars At least one JAR was scanned for TLDs yet contained no TLDs. Enable debug logging for this logger for a complete list of JARs that were scanned but no TLDs were found in them. Skipping unneeded JARs during scanning can improve startup time and JSP compilation time.
13-Nov-2024 20:25:07.185 WARNING [main] org.glassfish.jersey.server.wadl.WadlFeature.configure JAXBContext implementation could not be found. WADL feature is disabled.
13-Nov-2024 20:25:08.328 INFO [main] org.apache.catalina.startup.HostConfig.deployDirectory Deployment of web application directory [C:\apache-tomcat-10.1.18\webapps\ddd_usuario_war] has finished in [6.775] ms
13-Nov-2024 20:25:08.330 INFO [main] org.apache.catalina.startup.HostConfig.deployDirectory Diretório de instalação da aplicação web [C:\apache-tomcat-10.1.18\webapps\docs]
13-Nov-2024 20:25:08.403 INFO [main] org.apache.catalina.startup.HostConfig.deployDirectory Deployment of web application directory [C:\apache-tomcat-10.1.18\webapps\docs] has finished in [73] ms
13-Nov-2024 20:25:08.404 INFO [main] org.apache.catalina.startup.HostConfig.deployDirectory Diretório de instalação da aplicação web [C:\apache-tomcat-10.1.18\webapps\examples]
13-Nov-2024 20:25:09.437 INFO [main] org.apache.catalina.startup.HostConfig.deployDirectory Deployment of web application directory [C:\apache-tomcat-10.1.18\webapps\examples] has finished in [1.032] ms
13-Nov-2024 20:25:09.438 INFO [main] org.apache.catalina.startup.HostConfig.deployDirectory Diretório de instalação da aplicação web [C:\apache-tomcat-10.1.18\webapps\host-manager]
13-Nov-2024 20:25:09.539 INFO [main] org.apache.catalina.startup.HostConfig.deployDirectory Deployment of web application directory [C:\apache-tomcat-10.1.18\webapps\host-manager] has finished in [100] ms
13-Nov-2024 20:25:09.540 INFO [main] org.apache.catalina.startup.HostConfig.deployDirectory Diretório de instalação da aplicação web [C:\apache-tomcat-10.1.18\webapps\Java_Web]
13-Nov-2024 20:25:13.840 INFO [main] org.apache.jasper.servlet.TldScanner.scanJars At least one JAR was scanned for TLDs yet contained no TLDs. Enable debug logging for this logger for a complete list of JARs that were scanned but no TLDs were found in them. Skipping unneeded JARs during scanning can improve startup time and JSP compilation time.
13-Nov-2024 20:25:15.054 WARNING [main] org.glassfish.jersey.server.wadl.WadlFeature.configure JAXBContext implementation could not be found. WADL feature is disabled.
13-Nov-2024 20:25:16.343 INFO [main] org.apache.catalina.startup.HostConfig.deployDirectory Deployment of web application directory [C:\apache-tomcat-10.1.18\webapps\Java_Web] has finished in [6.803] ms
13-Nov-2024 20:25:16.345 INFO [main] org.apache.catalina.startup.HostConfig.deployDirectory Diretório de instalação da aplicação web [C:\apache-tomcat-10.1.18\webapps\manager]
13-Nov-2024 20:25:16.424 INFO [main] org.apache.catalina.startup.HostConfig.deployDirectory Deployment of web application directory [C:\apache-tomcat-10.1.18\webapps\manager] has finished in [79] ms
13-Nov-2024 20:25:16.425 INFO [main] org.apache.catalina.startup.HostConfig.deployDirectory Diretório de instalação da aplicação web [C:\apache-tomcat-10.1.18\webapps\ROOT]
13-Nov-2024 20:25:16.481 INFO [main] org.apache.catalina.startup.HostConfig.deployDirectory Deployment of web application directory [C:\apache-tomcat-10.1.18\webapps\ROOT] has finished in [56] ms
13-Nov-2024 20:25:16.482 INFO [main] org.apache.catalina.startup.HostConfig.deployDirectory Diretório de instalação da aplicação web [C:\apache-tomcat-10.1.18\webapps\webapp_war]
13-Nov-2024 20:25:21.267 INFO [main] org.apache.jasper.servlet.TldScanner.scanJars At least one JAR was scanned for TLDs yet contained no TLDs. Enable debug logging for this logger for a complete list of JARs that were scanned but no TLDs were found in them. Skipping unneeded JARs during scanning can improve startup time and JSP compilation time.
13-Nov-2024 20:25:22.362 WARNING [main] org.glassfish.jersey.server.wadl.WadlFeature.configure JAXBContext implementation could not be found. WADL feature is disabled.
13-Nov-2024 20:25:23.561 INFO [main] org.apache.catalina.startup.HostConfig.deployDirectory Deployment of web application directory [C:\apache-tomcat-10.1.18\webapps\webapp_war] has finished in [7.079] ms
13-Nov-2024 20:25:23.562 INFO [main] org.apache.catalina.startup.HostConfig.deployDirectory Diretório de instalação da aplicação web [C:\apache-tomcat-10.1.18\webapps\webmechanic_war]
13-Nov-2024 20:25:28.210 INFO [main] org.apache.jasper.servlet.TldScanner.scanJars At least one JAR was scanned for TLDs yet contained no TLDs. Enable debug logging for this logger for a complete list of JARs that were scanned but no TLDs were found in them. Skipping unneeded JARs during scanning can improve startup time and JSP compilation time.
13-Nov-2024 20:25:29.273 WARNING [main] org.glassfish.jersey.server.wadl.WadlFeature.configure JAXBContext implementation could not be found. WADL feature is disabled.
13-Nov-2024 20:25:30.766 INFO [main] org.apache.catalina.startup.HostConfig.deployDirectory Deployment of web application directory [C:\apache-tomcat-10.1.18\webapps\webmechanic_war] has finished in [7.203] ms
13-Nov-2024 20:25:30.767 INFO [main] org.apache.catalina.startup.HostConfig.deployDirectory Diretório de instalação da aplicação web [C:\apache-tomcat-10.1.18\webapps\WebProjetoAzura_war]
13-Nov-2024 20:25:35.148 INFO [main] org.apache.jasper.servlet.TldScanner.scanJars At least one JAR was scanned for TLDs yet contained no TLDs. Enable debug logging for this logger for a complete list of JARs that were scanned but no TLDs were found in them. Skipping unneeded JARs during scanning can improve startup time and JSP compilation time.
13-Nov-2024 20:25:35.158 INFO [main] org.apache.catalina.startup.HostConfig.deployDirectory Deployment of web application directory [C:\apache-tomcat-10.1.18\webapps\WebProjetoAzura_war] has finished in [4.391] ms
13-Nov-2024 20:25:35.158 INFO [main] org.apache.catalina.startup.HostConfig.deployDirectory Diretório de instalação da aplicação web [C:\apache-tomcat-10.1.18\webapps\web_war]
13-Nov-2024 20:25:39.414 INFO [main] org.apache.jasper.servlet.TldScanner.scanJars At least one JAR was scanned for TLDs yet contained no TLDs. Enable debug logging for this logger for a complete list of JARs that were scanned but no TLDs were found in them. Skipping unneeded JARs during scanning can improve startup time and JSP compilation time.
13-Nov-2024 20:25:40.329 WARNING [main] org.glassfish.jersey.server.wadl.WadlFeature.configure JAXBContext implementation could not be found. WADL feature is disabled.
13-Nov-2024 20:25:41.405 INFO [main] org.apache.catalina.startup.HostConfig.deployDirectory Deployment of web application directory [C:\apache-tomcat-10.1.18\webapps\web_war] has finished in [6.246] ms
13-Nov-2024 20:25:41.415 INFO [main] org.apache.coyote.AbstractProtocol.start Starting ProtocolHandler ["http-nio-8080"]
13-Nov-2024 20:25:41.506 INFO [main] org.apache.catalina.startup.Catalina.start Server startup in [66228] milliseconds
13-Nov-2024 20:33:33.787 INFO [main] org.apache.catalina.core.StandardServer.await A valid shutdown command was received via the shutdown port. Stopping the Server instance.
13-Nov-2024 20:33:33.788 INFO [main] org.apache.coyote.AbstractProtocol.pause Pausing ProtocolHandler ["http-nio-8080"]
13-Nov-2024 20:33:33.799 INFO [main] org.apache.catalina.core.StandardService.stopInternal Stopping service [Catalina]
13-Nov-2024 20:33:34.009 INFO [main] org.apache.coyote.AbstractProtocol.stop Stopping ProtocolHandler ["http-nio-8080"]
13-Nov-2024 20:33:34.022 INFO [main] org.apache.coyote.AbstractProtocol.destroy Destroying ProtocolHandler ["http-nio-8080"]
13-Nov-2024 20:36:36.239 INFO [main] org.apache.catalina.startup.VersionLoggerListener.log Server version name:   Apache Tomcat/10.1.18
13-Nov-2024 20:36:36.244 INFO [main] org.apache.catalina.startup.VersionLoggerListener.log Server built:          Jan 5 2024 14:39:40 UTC
13-Nov-2024 20:36:36.246 INFO [main] org.apache.catalina.startup.VersionLoggerListener.log Server version number: 10.1.18.0
13-Nov-2024 20:36:36.246 INFO [main] org.apache.catalina.startup.VersionLoggerListener.log OS Name:               Windows 11
13-Nov-2024 20:36:36.248 INFO [main] org.apache.catalina.startup.VersionLoggerListener.log OS Version:            10.0
13-Nov-2024 20:36:36.248 INFO [main] org.apache.catalina.startup.VersionLoggerListener.log Architecture:          amd64
13-Nov-2024 20:36:36.248 INFO [main] org.apache.catalina.startup.VersionLoggerListener.log Java Home:             C:\Program Files\Java\jdk-21
13-Nov-2024 20:36:36.249 INFO [main] org.apache.catalina.startup.VersionLoggerListener.log JVM Version:           21.0.2+13-LTS-58
13-Nov-2024 20:36:36.249 INFO [main] org.apache.catalina.startup.VersionLoggerListener.log JVM Vendor:            Oracle Corporation
13-Nov-2024 20:36:36.249 INFO [main] org.apache.catalina.startup.VersionLoggerListener.log CATALINA_BASE:         C:\apache-tomcat-10.1.18
13-Nov-2024 20:36:36.250 INFO [main] org.apache.catalina.startup.VersionLoggerListener.log CATALINA_HOME:         C:\apache-tomcat-10.1.18
13-Nov-2024 20:36:36.259 INFO [main] org.apache.catalina.startup.VersionLoggerListener.log Command line argument: -Djava.util.logging.config.file=C:\apache-tomcat-10.1.18\conf\logging.properties
13-Nov-2024 20:36:36.259 INFO [main] org.apache.catalina.startup.VersionLoggerListener.log Command line argument: -Djava.util.logging.manager=org.apache.juli.ClassLoaderLogManager
13-Nov-2024 20:36:36.259 INFO [main] org.apache.catalina.startup.VersionLoggerListener.log Command line argument: -Djdk.tls.ephemeralDHKeySize=2048
13-Nov-2024 20:36:36.259 INFO [main] org.apache.catalina.startup.VersionLoggerListener.log Command line argument: -Djava.protocol.handler.pkgs=org.apache.catalina.webresources
13-Nov-2024 20:36:36.259 INFO [main] org.apache.catalina.startup.VersionLoggerListener.log Command line argument: --add-opens=java.base/java.lang=ALL-UNNAMED
13-Nov-2024 20:36:36.259 INFO [main] org.apache.catalina.startup.VersionLoggerListener.log Command line argument: --add-opens=java.base/java.io=ALL-UNNAMED
13-Nov-2024 20:36:36.259 INFO [main] org.apache.catalina.startup.VersionLoggerListener.log Command line argument: --add-opens=java.base/java.util=ALL-UNNAMED
13-Nov-2024 20:36:36.260 INFO [main] org.apache.catalina.startup.VersionLoggerListener.log Command line argument: --add-opens=java.base/java.util.concurrent=ALL-UNNAMED
13-Nov-2024 20:36:36.260 INFO [main] org.apache.catalina.startup.VersionLoggerListener.log Command line argument: --add-opens=java.rmi/sun.rmi.transport=ALL-UNNAMED
13-Nov-2024 20:36:36.260 INFO [main] org.apache.catalina.startup.VersionLoggerListener.log Command line argument: -Dcatalina.base=C:\apache-tomcat-10.1.18
13-Nov-2024 20:36:36.260 INFO [main] org.apache.catalina.startup.VersionLoggerListener.log Command line argument: -Dcatalina.home=C:\apache-tomcat-10.1.18
13-Nov-2024 20:36:36.260 INFO [main] org.apache.catalina.startup.VersionLoggerListener.log Command line argument: -Djava.io.tmpdir=C:\apache-tomcat-10.1.18\temp
13-Nov-2024 20:36:36.263 INFO [main] org.apache.catalina.core.AprLifecycleListener.lifecycleEvent Loaded Apache Tomcat Native library [2.0.6] using APR version [1.7.4].
13-Nov-2024 20:36:36.269 INFO [main] org.apache.catalina.core.AprLifecycleListener.initializeSSL OpenSSL successfully initialized [OpenSSL 3.0.11 19 Sep 2023]
13-Nov-2024 20:36:36.532 INFO [main] org.apache.coyote.AbstractProtocol.init Initializing ProtocolHandler ["http-nio-8080"]
13-Nov-2024 20:36:36.558 INFO [main] org.apache.catalina.startup.Catalina.load Server initialization in [499] milliseconds
13-Nov-2024 20:36:36.620 INFO [main] org.apache.catalina.core.StandardService.startInternal Starting service [Catalina]
13-Nov-2024 20:36:36.621 INFO [main] org.apache.catalina.core.StandardEngine.startInternal Starting Servlet engine: [Apache Tomcat/10.1.18]
13-Nov-2024 20:36:36.658 INFO [main] org.apache.catalina.startup.HostConfig.deployWAR Deploying web application archive [C:\apache-tomcat-10.1.18\webapps\webapp.war]
13-Nov-2024 20:36:36.678 INFO [main] org.apache.catalina.startup.ExpandWar.expand An expanded directory [C:\apache-tomcat-10.1.18\webapps\webapp] was found with a last modified time that did not match the associated WAR. It will be deleted.
13-Nov-2024 20:36:39.905 INFO [main] org.apache.jasper.servlet.TldScanner.scanJars At least one JAR was scanned for TLDs yet contained no TLDs. Enable debug logging for this logger for a complete list of JARs that were scanned but no TLDs were found in them. Skipping unneeded JARs during scanning can improve startup time and JSP compilation time.
13-Nov-2024 20:36:40.358 WARNING [main] org.glassfish.jersey.server.wadl.WadlFeature.configure JAXBContext implementation could not be found. WADL feature is disabled.
13-Nov-2024 20:36:40.780 INFO [main] org.apache.catalina.startup.HostConfig.deployWAR Deployment of web application archive [C:\apache-tomcat-10.1.18\webapps\webapp.war] has finished in [4.122] ms
13-Nov-2024 20:36:40.782 INFO [main] org.apache.catalina.startup.HostConfig.deployDirectory Diretório de instalação da aplicação web [C:\apache-tomcat-10.1.18\webapps\challenge1_war]
13-Nov-2024 20:36:41.518 INFO [main] org.apache.jasper.servlet.TldScanner.scanJars At least one JAR was scanned for TLDs yet contained no TLDs. Enable debug logging for this logger for a complete list of JARs that were scanned but no TLDs were found in them. Skipping unneeded JARs during scanning can improve startup time and JSP compilation time.
13-Nov-2024 20:36:41.857 WARNING [main] org.glassfish.jersey.server.wadl.WadlFeature.configure JAXBContext implementation could not be found. WADL feature is disabled.
13-Nov-2024 20:36:42.212 INFO [main] org.apache.catalina.startup.HostConfig.deployDirectory Deployment of web application directory [C:\apache-tomcat-10.1.18\webapps\challenge1_war] has finished in [1.429] ms
13-Nov-2024 20:36:42.212 INFO [main] org.apache.catalina.startup.HostConfig.deployDirectory Diretório de instalação da aplicação web [C:\apache-tomcat-10.1.18\webapps\Challenge_Java_Sprint4_war]
13-Nov-2024 20:36:42.900 INFO [main] org.apache.jasper.servlet.TldScanner.scanJars At least one JAR was scanned for TLDs yet contained no TLDs. Enable debug logging for this logger for a complete list of JARs that were scanned but no TLDs were found in them. Skipping unneeded JARs during scanning can improve startup time and JSP compilation time.
13-Nov-2024 20:36:43.217 WARNING [main] org.glassfish.jersey.server.wadl.WadlFeature.configure JAXBContext implementation could not be found. WADL feature is disabled.
13-Nov-2024 20:36:43.567 INFO [main] org.apache.catalina.startup.HostConfig.deployDirectory Deployment of web application directory [C:\apache-tomcat-10.1.18\webapps\Challenge_Java_Sprint4_war] has finished in [1.355] ms
13-Nov-2024 20:36:43.567 INFO [main] org.apache.catalina.startup.HostConfig.deployDirectory Diretório de instalação da aplicação web [C:\apache-tomcat-10.1.18\webapps\ddd_study_war]
13-Nov-2024 20:36:44.228 INFO [main] org.apache.jasper.servlet.TldScanner.scanJars At least one JAR was scanned for TLDs yet contained no TLDs. Enable debug logging for this logger for a complete list of JARs that were scanned but no TLDs were found in them. Skipping unneeded JARs during scanning can improve startup time and JSP compilation time.
13-Nov-2024 20:36:44.527 WARNING [main] org.glassfish.jersey.server.wadl.WadlFeature.configure JAXBContext implementation could not be found. WADL feature is disabled.
13-Nov-2024 20:36:44.886 INFO [main] org.apache.catalina.startup.HostConfig.deployDirectory Deployment of web application directory [C:\apache-tomcat-10.1.18\webapps\ddd_study_war] has finished in [1.318] ms
13-Nov-2024 20:36:44.886 INFO [main] org.apache.catalina.startup.HostConfig.deployDirectory Diretório de instalação da aplicação web [C:\apache-tomcat-10.1.18\webapps\ddd_usuario_war]
13-Nov-2024 20:36:45.678 INFO [main] org.apache.jasper.servlet.TldScanner.scanJars At least one JAR was scanned for TLDs yet contained no TLDs. Enable debug logging for this logger for a complete list of JARs that were scanned but no TLDs were found in them. Skipping unneeded JARs during scanning can improve startup time and JSP compilation time.
13-Nov-2024 20:36:46.831 WARNING [main] org.glassfish.jersey.server.wadl.WadlFeature.configure JAXBContext implementation could not be found. WADL feature is disabled.
13-Nov-2024 20:36:48.011 INFO [main] org.apache.catalina.startup.HostConfig.deployDirectory Deployment of web application directory [C:\apache-tomcat-10.1.18\webapps\ddd_usuario_war] has finished in [3.125] ms
13-Nov-2024 20:36:48.012 INFO [main] org.apache.catalina.startup.HostConfig.deployDirectory Diretório de instalação da aplicação web [C:\apache-tomcat-10.1.18\webapps\docs]
13-Nov-2024 20:36:48.071 INFO [main] org.apache.catalina.startup.HostConfig.deployDirectory Deployment of web application directory [C:\apache-tomcat-10.1.18\webapps\docs] has finished in [58] ms
13-Nov-2024 20:36:48.072 INFO [main] org.apache.catalina.startup.HostConfig.deployDirectory Diretório de instalação da aplicação web [C:\apache-tomcat-10.1.18\webapps\examples]
13-Nov-2024 20:36:48.912 INFO [main] org.apache.catalina.startup.HostConfig.deployDirectory Deployment of web application directory [C:\apache-tomcat-10.1.18\webapps\examples] has finished in [839] ms
13-Nov-2024 20:36:48.913 INFO [main] org.apache.catalina.startup.HostConfig.deployDirectory Diretório de instalação da aplicação web [C:\apache-tomcat-10.1.18\webapps\host-manager]
13-Nov-2024 20:36:48.997 INFO [main] org.apache.catalina.startup.HostConfig.deployDirectory Deployment of web application directory [C:\apache-tomcat-10.1.18\webapps\host-manager] has finished in [83] ms
13-Nov-2024 20:36:48.999 INFO [main] org.apache.catalina.startup.HostConfig.deployDirectory Diretório de instalação da aplicação web [C:\apache-tomcat-10.1.18\webapps\Java_Web]
13-Nov-2024 20:36:51.542 INFO [main] org.apache.jasper.servlet.TldScanner.scanJars At least one JAR was scanned for TLDs yet contained no TLDs. Enable debug logging for this logger for a complete list of JARs that were scanned but no TLDs were found in them. Skipping unneeded JARs during scanning can improve startup time and JSP compilation time.
13-Nov-2024 20:36:52.564 WARNING [main] org.glassfish.jersey.server.wadl.WadlFeature.configure JAXBContext implementation could not be found. WADL feature is disabled.
13-Nov-2024 20:36:53.936 INFO [main] org.apache.catalina.startup.HostConfig.deployDirectory Deployment of web application directory [C:\apache-tomcat-10.1.18\webapps\Java_Web] has finished in [4.938] ms
13-Nov-2024 20:36:53.937 INFO [main] org.apache.catalina.startup.HostConfig.deployDirectory Diretório de instalação da aplicação web [C:\apache-tomcat-10.1.18\webapps\manager]
13-Nov-2024 20:36:54.004 INFO [main] org.apache.catalina.startup.HostConfig.deployDirectory Deployment of web application directory [C:\apache-tomcat-10.1.18\webapps\manager] has finished in [66] ms
13-Nov-2024 20:36:54.004 INFO [main] org.apache.catalina.startup.HostConfig.deployDirectory Diretório de instalação da aplicação web [C:\apache-tomcat-10.1.18\webapps\ROOT]
13-Nov-2024 20:36:54.046 INFO [main] org.apache.catalina.startup.HostConfig.deployDirectory Deployment of web application directory [C:\apache-tomcat-10.1.18\webapps\ROOT] has finished in [42] ms
13-Nov-2024 20:36:54.048 INFO [main] org.apache.catalina.startup.HostConfig.deployDirectory Diretório de instalação da aplicação web [C:\apache-tomcat-10.1.18\webapps\webapp_war]
13-Nov-2024 20:36:56.675 INFO [main] org.apache.jasper.servlet.TldScanner.scanJars At least one JAR was scanned for TLDs yet contained no TLDs. Enable debug logging for this logger for a complete list of JARs that were scanned but no TLDs were found in them. Skipping unneeded JARs during scanning can improve startup time and JSP compilation time.
13-Nov-2024 20:36:57.767 WARNING [main] org.glassfish.jersey.server.wadl.WadlFeature.configure JAXBContext implementation could not be found. WADL feature is disabled.
13-Nov-2024 20:36:59.020 INFO [main] org.apache.catalina.startup.HostConfig.deployDirectory Deployment of web application directory [C:\apache-tomcat-10.1.18\webapps\webapp_war] has finished in [4.972] ms
13-Nov-2024 20:36:59.020 INFO [main] org.apache.catalina.startup.HostConfig.deployDirectory Diretório de instalação da aplicação web [C:\apache-tomcat-10.1.18\webapps\webmechanic_war]
13-Nov-2024 20:37:01.685 INFO [main] org.apache.jasper.servlet.TldScanner.scanJars At least one JAR was scanned for TLDs yet contained no TLDs. Enable debug logging for this logger for a complete list of JARs that were scanned but no TLDs were found in them. Skipping unneeded JARs during scanning can improve startup time and JSP compilation time.
13-Nov-2024 20:37:02.760 WARNING [main] org.glassfish.jersey.server.wadl.WadlFeature.configure JAXBContext implementation could not be found. WADL feature is disabled.
13-Nov-2024 20:37:04.220 INFO [main] org.apache.catalina.startup.HostConfig.deployDirectory Deployment of web application directory [C:\apache-tomcat-10.1.18\webapps\webmechanic_war] has finished in [5.199] ms
13-Nov-2024 20:37:04.220 INFO [main] org.apache.catalina.startup.HostConfig.deployDirectory Diretório de instalação da aplicação web [C:\apache-tomcat-10.1.18\webapps\WebProjetoAzura_war]
13-Nov-2024 20:37:06.483 INFO [main] org.apache.jasper.servlet.TldScanner.scanJars At least one JAR was scanned for TLDs yet contained no TLDs. Enable debug logging for this logger for a complete list of JARs that were scanned but no TLDs were found in them. Skipping unneeded JARs during scanning can improve startup time and JSP compilation time.
13-Nov-2024 20:37:06.496 INFO [main] org.apache.catalina.startup.HostConfig.deployDirectory Deployment of web application directory [C:\apache-tomcat-10.1.18\webapps\WebProjetoAzura_war] has finished in [2.276] ms
13-Nov-2024 20:37:06.497 INFO [main] org.apache.catalina.startup.HostConfig.deployDirectory Diretório de instalação da aplicação web [C:\apache-tomcat-10.1.18\webapps\web_war]
13-Nov-2024 20:37:08.832 INFO [main] org.apache.jasper.servlet.TldScanner.scanJars At least one JAR was scanned for TLDs yet contained no TLDs. Enable debug logging for this logger for a complete list of JARs that were scanned but no TLDs were found in them. Skipping unneeded JARs during scanning can improve startup time and JSP compilation time.
13-Nov-2024 20:37:09.807 WARNING [main] org.glassfish.jersey.server.wadl.WadlFeature.configure JAXBContext implementation could not be found. WADL feature is disabled.
13-Nov-2024 20:37:10.922 INFO [main] org.apache.catalina.startup.HostConfig.deployDirectory Deployment of web application directory [C:\apache-tomcat-10.1.18\webapps\web_war] has finished in [4.425] ms
13-Nov-2024 20:37:10.932 INFO [main] org.apache.coyote.AbstractProtocol.start Starting ProtocolHandler ["http-nio-8080"]
13-Nov-2024 20:37:11.001 INFO [main] org.apache.catalina.startup.Catalina.start Server startup in [34441] milliseconds
13-Nov-2024 21:06:01.743 INFO [main] org.apache.catalina.core.StandardServer.await A valid shutdown command was received via the shutdown port. Stopping the Server instance.
13-Nov-2024 21:06:01.744 INFO [main] org.apache.coyote.AbstractProtocol.pause Pausing ProtocolHandler ["http-nio-8080"]
13-Nov-2024 21:06:01.755 INFO [main] org.apache.catalina.core.StandardService.stopInternal Stopping service [Catalina]
13-Nov-2024 21:06:02.133 WARNING [main] org.apache.catalina.loader.WebappClassLoaderBase.clearReferencesJdbc The web application [webapp_war] registered the JDBC driver [oracle.jdbc.OracleDriver] but failed to unregister it when the web application was stopped. To prevent a memory leak, the JDBC Driver has been forcibly unregistered.
13-Nov-2024 21:06:02.134 WARNING [main] org.apache.catalina.loader.WebappClassLoaderBase.clearReferencesThreads The web application [webapp_war] appears to have started a thread named [oracle.jdbc.diagnostics.Diagnostic.CLOCK] but has failed to stop it. This is very likely to create a memory leak. Stack trace of thread:
 java.base/java.lang.Object.wait0(Native Method)
 java.base/java.lang.Object.wait(Object.java:366)
 java.base/java.util.TimerThread.mainLoop(Timer.java:563)
 java.base/java.util.TimerThread.run(Timer.java:516)
13-Nov-2024 21:06:02.303 INFO [main] org.apache.coyote.AbstractProtocol.stop Stopping ProtocolHandler ["http-nio-8080"]
13-Nov-2024 21:06:02.310 INFO [main] org.apache.coyote.AbstractProtocol.destroy Destroying ProtocolHandler ["http-nio-8080"]
