15-Nov-2024 10:13:07.587 INFO [main] org.apache.catalina.startup.VersionLoggerListener.log Server version name:   Apache Tomcat/10.1.18
15-Nov-2024 10:13:07.590 INFO [main] org.apache.catalina.startup.VersionLoggerListener.log Server built:          Jan 5 2024 14:39:40 UTC
15-Nov-2024 10:13:07.590 INFO [main] org.apache.catalina.startup.VersionLoggerListener.log Server version number: 10.1.18.0
15-Nov-2024 10:13:07.590 INFO [main] org.apache.catalina.startup.VersionLoggerListener.log OS Name:               Windows 10
15-Nov-2024 10:13:07.590 INFO [main] org.apache.catalina.startup.VersionLoggerListener.log OS Version:            10.0
15-Nov-2024 10:13:07.591 INFO [main] org.apache.catalina.startup.VersionLoggerListener.log Architecture:          amd64
15-Nov-2024 10:13:07.591 INFO [main] org.apache.catalina.startup.VersionLoggerListener.log Java Home:             C:\Program Files\Java\jdk-17
15-Nov-2024 10:13:07.591 INFO [main] org.apache.catalina.startup.VersionLoggerListener.log JVM Version:           17.0.10+11-LTS-240
15-Nov-2024 10:13:07.591 INFO [main] org.apache.catalina.startup.VersionLoggerListener.log JVM Vendor:            Oracle Corporation
15-Nov-2024 10:13:07.591 INFO [main] org.apache.catalina.startup.VersionLoggerListener.log CATALINA_BASE:         C:\apache-tomcat-10.1.18
15-Nov-2024 10:13:07.591 INFO [main] org.apache.catalina.startup.VersionLoggerListener.log CATALINA_HOME:         C:\apache-tomcat-10.1.18
15-Nov-2024 10:13:07.599 INFO [main] org.apache.catalina.startup.VersionLoggerListener.log Command line argument: -Djava.util.logging.config.file=C:\apache-tomcat-10.1.18\conf\logging.properties
15-Nov-2024 10:13:07.600 INFO [main] org.apache.catalina.startup.VersionLoggerListener.log Command line argument: -Djava.util.logging.manager=org.apache.juli.ClassLoaderLogManager
15-Nov-2024 10:13:07.600 INFO [main] org.apache.catalina.startup.VersionLoggerListener.log Command line argument: -Djdk.tls.ephemeralDHKeySize=2048
15-Nov-2024 10:13:07.600 INFO [main] org.apache.catalina.startup.VersionLoggerListener.log Command line argument: -Djava.protocol.handler.pkgs=org.apache.catalina.webresources
15-Nov-2024 10:13:07.600 INFO [main] org.apache.catalina.startup.VersionLoggerListener.log Command line argument: --add-opens=java.base/java.lang=ALL-UNNAMED
15-Nov-2024 10:13:07.600 INFO [main] org.apache.catalina.startup.VersionLoggerListener.log Command line argument: --add-opens=java.base/java.io=ALL-UNNAMED
15-Nov-2024 10:13:07.601 INFO [main] org.apache.catalina.startup.VersionLoggerListener.log Command line argument: --add-opens=java.base/java.util=ALL-UNNAMED
15-Nov-2024 10:13:07.601 INFO [main] org.apache.catalina.startup.VersionLoggerListener.log Command line argument: --add-opens=java.base/java.util.concurrent=ALL-UNNAMED
15-Nov-2024 10:13:07.602 INFO [main] org.apache.catalina.startup.VersionLoggerListener.log Command line argument: --add-opens=java.rmi/sun.rmi.transport=ALL-UNNAMED
15-Nov-2024 10:13:07.602 INFO [main] org.apache.catalina.startup.VersionLoggerListener.log Command line argument: -Dcatalina.base=C:\apache-tomcat-10.1.18
15-Nov-2024 10:13:07.603 INFO [main] org.apache.catalina.startup.VersionLoggerListener.log Command line argument: -Dcatalina.home=C:\apache-tomcat-10.1.18
15-Nov-2024 10:13:07.607 INFO [main] org.apache.catalina.startup.VersionLoggerListener.log Command line argument: -Djava.io.tmpdir=C:\apache-tomcat-10.1.18\temp
15-Nov-2024 10:13:07.611 INFO [main] org.apache.catalina.core.AprLifecycleListener.lifecycleEvent Loaded Apache Tomcat Native library [2.0.6] using APR version [1.7.4].
15-Nov-2024 10:13:07.616 INFO [main] org.apache.catalina.core.AprLifecycleListener.initializeSSL OpenSSL successfully initialized [OpenSSL 3.0.11 19 Sep 2023]
15-Nov-2024 10:13:07.804 INFO [main] org.apache.coyote.AbstractProtocol.init Initializing ProtocolHandler ["http-nio-8080"]
15-Nov-2024 10:13:07.826 INFO [main] org.apache.catalina.startup.Catalina.load Server initialization in [408] milliseconds
15-Nov-2024 10:13:07.873 INFO [main] org.apache.catalina.core.StandardService.startInternal Starting service [Catalina]
15-Nov-2024 10:13:07.874 INFO [main] org.apache.catalina.core.StandardEngine.startInternal Starting Servlet engine: [Apache Tomcat/10.1.18]
15-Nov-2024 10:13:07.909 INFO [main] org.apache.catalina.startup.HostConfig.deployWAR Deploying web application archive [C:\apache-tomcat-10.1.18\webapps\gslevi.war]
15-Nov-2024 10:13:10.714 INFO [main] org.apache.jasper.servlet.TldScanner.scanJars At least one JAR was scanned for TLDs yet contained no TLDs. Enable debug logging for this logger for a complete list of JARs that were scanned but no TLDs were found in them. Skipping unneeded JARs during scanning can improve startup time and JSP compilation time.
15-Nov-2024 10:13:11.542 WARNING [main] org.glassfish.jersey.server.wadl.WadlFeature.configure JAXBContext implementation could not be found. WADL feature is disabled.
15-Nov-2024 10:13:12.351 INFO [main] org.apache.catalina.startup.HostConfig.deployWAR Deployment of web application archive [C:\apache-tomcat-10.1.18\webapps\gslevi.war] has finished in [4,442] ms
15-Nov-2024 10:13:12.351 INFO [main] org.apache.catalina.startup.HostConfig.deployDirectory Deploying web application directory [C:\apache-tomcat-10.1.18\webapps\challenge1_war]
15-Nov-2024 10:13:14.462 INFO [main] org.apache.jasper.servlet.TldScanner.scanJars At least one JAR was scanned for TLDs yet contained no TLDs. Enable debug logging for this logger for a complete list of JARs that were scanned but no TLDs were found in them. Skipping unneeded JARs during scanning can improve startup time and JSP compilation time.
15-Nov-2024 10:13:15.129 WARNING [main] org.glassfish.jersey.server.wadl.WadlFeature.configure JAXBContext implementation could not be found. WADL feature is disabled.
15-Nov-2024 10:13:15.848 INFO [main] org.apache.catalina.startup.HostConfig.deployDirectory Deployment of web application directory [C:\apache-tomcat-10.1.18\webapps\challenge1_war] has finished in [3,497] ms
15-Nov-2024 10:13:15.849 INFO [main] org.apache.catalina.startup.HostConfig.deployDirectory Deploying web application directory [C:\apache-tomcat-10.1.18\webapps\Challenge_Java_Sprint4_war]
15-Nov-2024 10:13:18.153 INFO [main] org.apache.jasper.servlet.TldScanner.scanJars At least one JAR was scanned for TLDs yet contained no TLDs. Enable debug logging for this logger for a complete list of JARs that were scanned but no TLDs were found in them. Skipping unneeded JARs during scanning can improve startup time and JSP compilation time.
15-Nov-2024 10:13:18.811 WARNING [main] org.glassfish.jersey.server.wadl.WadlFeature.configure JAXBContext implementation could not be found. WADL feature is disabled.
15-Nov-2024 10:13:19.525 INFO [main] org.apache.catalina.startup.HostConfig.deployDirectory Deployment of web application directory [C:\apache-tomcat-10.1.18\webapps\Challenge_Java_Sprint4_war] has finished in [3,676] ms
15-Nov-2024 10:13:19.525 INFO [main] org.apache.catalina.startup.HostConfig.deployDirectory Deploying web application directory [C:\apache-tomcat-10.1.18\webapps\ddd_study_war]
15-Nov-2024 10:13:21.784 INFO [main] org.apache.jasper.servlet.TldScanner.scanJars At least one JAR was scanned for TLDs yet contained no TLDs. Enable debug logging for this logger for a complete list of JARs that were scanned but no TLDs were found in them. Skipping unneeded JARs during scanning can improve startup time and JSP compilation time.
15-Nov-2024 10:13:22.435 WARNING [main] org.glassfish.jersey.server.wadl.WadlFeature.configure JAXBContext implementation could not be found. WADL feature is disabled.
15-Nov-2024 10:13:23.157 INFO [main] org.apache.catalina.startup.HostConfig.deployDirectory Deployment of web application directory [C:\apache-tomcat-10.1.18\webapps\ddd_study_war] has finished in [3,632] ms
15-Nov-2024 10:13:23.158 INFO [main] org.apache.catalina.startup.HostConfig.deployDirectory Deploying web application directory [C:\apache-tomcat-10.1.18\webapps\ddd_usuario_war]
15-Nov-2024 10:13:25.220 INFO [main] org.apache.jasper.servlet.TldScanner.scanJars At least one JAR was scanned for TLDs yet contained no TLDs. Enable debug logging for this logger for a complete list of JARs that were scanned but no TLDs were found in them. Skipping unneeded JARs during scanning can improve startup time and JSP compilation time.
15-Nov-2024 10:13:25.888 WARNING [main] org.glassfish.jersey.server.wadl.WadlFeature.configure JAXBContext implementation could not be found. WADL feature is disabled.
15-Nov-2024 10:13:26.566 INFO [main] org.apache.catalina.startup.HostConfig.deployDirectory Deployment of web application directory [C:\apache-tomcat-10.1.18\webapps\ddd_usuario_war] has finished in [3,408] ms
15-Nov-2024 10:13:26.567 INFO [main] org.apache.catalina.startup.HostConfig.deployDirectory Deploying web application directory [C:\apache-tomcat-10.1.18\webapps\docs]
15-Nov-2024 10:13:26.619 INFO [main] org.apache.catalina.startup.HostConfig.deployDirectory Deployment of web application directory [C:\apache-tomcat-10.1.18\webapps\docs] has finished in [51] ms
15-Nov-2024 10:13:26.619 INFO [main] org.apache.catalina.startup.HostConfig.deployDirectory Deploying web application directory [C:\apache-tomcat-10.1.18\webapps\examples]
15-Nov-2024 10:13:27.412 INFO [main] org.apache.catalina.startup.HostConfig.deployDirectory Deployment of web application directory [C:\apache-tomcat-10.1.18\webapps\examples] has finished in [793] ms
15-Nov-2024 10:13:27.413 INFO [main] org.apache.catalina.startup.HostConfig.deployDirectory Deploying web application directory [C:\apache-tomcat-10.1.18\webapps\gslevi_war]
15-Nov-2024 10:13:29.712 INFO [main] org.apache.jasper.servlet.TldScanner.scanJars At least one JAR was scanned for TLDs yet contained no TLDs. Enable debug logging for this logger for a complete list of JARs that were scanned but no TLDs were found in them. Skipping unneeded JARs during scanning can improve startup time and JSP compilation time.
15-Nov-2024 10:13:30.367 WARNING [main] org.glassfish.jersey.server.wadl.WadlFeature.configure JAXBContext implementation could not be found. WADL feature is disabled.
15-Nov-2024 10:13:31.088 INFO [main] org.apache.catalina.startup.HostConfig.deployDirectory Deployment of web application directory [C:\apache-tomcat-10.1.18\webapps\gslevi_war] has finished in [3,675] ms
15-Nov-2024 10:13:31.088 INFO [main] org.apache.catalina.startup.HostConfig.deployDirectory Deploying web application directory [C:\apache-tomcat-10.1.18\webapps\GS_LEVI_war]
15-Nov-2024 10:13:33.422 INFO [main] org.apache.jasper.servlet.TldScanner.scanJars At least one JAR was scanned for TLDs yet contained no TLDs. Enable debug logging for this logger for a complete list of JARs that were scanned but no TLDs were found in them. Skipping unneeded JARs during scanning can improve startup time and JSP compilation time.
15-Nov-2024 10:13:34.105 WARNING [main] org.glassfish.jersey.server.wadl.WadlFeature.configure JAXBContext implementation could not be found. WADL feature is disabled.
15-Nov-2024 10:13:34.824 INFO [main] org.apache.catalina.startup.HostConfig.deployDirectory Deployment of web application directory [C:\apache-tomcat-10.1.18\webapps\GS_LEVI_war] has finished in [3,735] ms
15-Nov-2024 10:13:34.824 INFO [main] org.apache.catalina.startup.HostConfig.deployDirectory Deploying web application directory [C:\apache-tomcat-10.1.18\webapps\host-manager]
15-Nov-2024 10:13:34.885 INFO [main] org.apache.catalina.startup.HostConfig.deployDirectory Deployment of web application directory [C:\apache-tomcat-10.1.18\webapps\host-manager] has finished in [60] ms
15-Nov-2024 10:13:34.886 INFO [main] org.apache.catalina.startup.HostConfig.deployDirectory Deploying web application directory [C:\apache-tomcat-10.1.18\webapps\Java_Web]
15-Nov-2024 10:13:37.341 INFO [main] org.apache.jasper.servlet.TldScanner.scanJars At least one JAR was scanned for TLDs yet contained no TLDs. Enable debug logging for this logger for a complete list of JARs that were scanned but no TLDs were found in them. Skipping unneeded JARs during scanning can improve startup time and JSP compilation time.
15-Nov-2024 10:13:38.003 WARNING [main] org.glassfish.jersey.server.wadl.WadlFeature.configure JAXBContext implementation could not be found. WADL feature is disabled.
15-Nov-2024 10:13:38.764 INFO [main] org.apache.catalina.startup.HostConfig.deployDirectory Deployment of web application directory [C:\apache-tomcat-10.1.18\webapps\Java_Web] has finished in [3,878] ms
15-Nov-2024 10:13:38.764 INFO [main] org.apache.catalina.startup.HostConfig.deployDirectory Deploying web application directory [C:\apache-tomcat-10.1.18\webapps\manager]
15-Nov-2024 10:13:38.812 INFO [main] org.apache.catalina.startup.HostConfig.deployDirectory Deployment of web application directory [C:\apache-tomcat-10.1.18\webapps\manager] has finished in [47] ms
15-Nov-2024 10:13:38.812 INFO [main] org.apache.catalina.startup.HostConfig.deployDirectory Deploying web application directory [C:\apache-tomcat-10.1.18\webapps\ROOT]
15-Nov-2024 10:13:38.845 INFO [main] org.apache.catalina.startup.HostConfig.deployDirectory Deployment of web application directory [C:\apache-tomcat-10.1.18\webapps\ROOT] has finished in [32] ms
15-Nov-2024 10:13:38.845 INFO [main] org.apache.catalina.startup.HostConfig.deployDirectory Deploying web application directory [C:\apache-tomcat-10.1.18\webapps\teste3]
15-Nov-2024 10:13:41.224 INFO [main] org.apache.jasper.servlet.TldScanner.scanJars At least one JAR was scanned for TLDs yet contained no TLDs. Enable debug logging for this logger for a complete list of JARs that were scanned but no TLDs were found in them. Skipping unneeded JARs during scanning can improve startup time and JSP compilation time.
15-Nov-2024 10:13:41.886 WARNING [main] org.glassfish.jersey.server.wadl.WadlFeature.configure JAXBContext implementation could not be found. WADL feature is disabled.
15-Nov-2024 10:13:42.596 INFO [main] org.apache.catalina.startup.HostConfig.deployDirectory Deployment of web application directory [C:\apache-tomcat-10.1.18\webapps\teste3] has finished in [3,751] ms
15-Nov-2024 10:13:42.597 INFO [main] org.apache.catalina.startup.HostConfig.deployDirectory Deploying web application directory [C:\apache-tomcat-10.1.18\webapps\teste3_war]
15-Nov-2024 10:13:44.762 INFO [main] org.apache.jasper.servlet.TldScanner.scanJars At least one JAR was scanned for TLDs yet contained no TLDs. Enable debug logging for this logger for a complete list of JARs that were scanned but no TLDs were found in them. Skipping unneeded JARs during scanning can improve startup time and JSP compilation time.
15-Nov-2024 10:13:44.794 INFO [main] org.apache.catalina.startup.HostConfig.deployDirectory Deployment of web application directory [C:\apache-tomcat-10.1.18\webapps\teste3_war] has finished in [2,197] ms
15-Nov-2024 10:13:44.794 INFO [main] org.apache.catalina.startup.HostConfig.deployDirectory Deploying web application directory [C:\apache-tomcat-10.1.18\webapps\teste_3_war]
15-Nov-2024 10:13:47.212 INFO [main] org.apache.jasper.servlet.TldScanner.scanJars At least one JAR was scanned for TLDs yet contained no TLDs. Enable debug logging for this logger for a complete list of JARs that were scanned but no TLDs were found in them. Skipping unneeded JARs during scanning can improve startup time and JSP compilation time.
15-Nov-2024 10:13:47.882 WARNING [main] org.glassfish.jersey.server.wadl.WadlFeature.configure JAXBContext implementation could not be found. WADL feature is disabled.
15-Nov-2024 10:13:48.580 INFO [main] org.apache.catalina.startup.HostConfig.deployDirectory Deployment of web application directory [C:\apache-tomcat-10.1.18\webapps\teste_3_war] has finished in [3,785] ms
15-Nov-2024 10:13:48.580 INFO [main] org.apache.catalina.startup.HostConfig.deployDirectory Deploying web application directory [C:\apache-tomcat-10.1.18\webapps\webapp]
15-Nov-2024 10:13:50.971 INFO [main] org.apache.jasper.servlet.TldScanner.scanJars At least one JAR was scanned for TLDs yet contained no TLDs. Enable debug logging for this logger for a complete list of JARs that were scanned but no TLDs were found in them. Skipping unneeded JARs during scanning can improve startup time and JSP compilation time.
15-Nov-2024 10:13:51.602 WARNING [main] org.glassfish.jersey.server.wadl.WadlFeature.configure JAXBContext implementation could not be found. WADL feature is disabled.
15-Nov-2024 10:13:52.312 INFO [main] org.apache.catalina.startup.HostConfig.deployDirectory Deployment of web application directory [C:\apache-tomcat-10.1.18\webapps\webapp] has finished in [3,732] ms
15-Nov-2024 10:13:52.313 INFO [main] org.apache.catalina.startup.HostConfig.deployDirectory Deploying web application directory [C:\apache-tomcat-10.1.18\webapps\webapp_war]
15-Nov-2024 10:13:54.615 INFO [main] org.apache.jasper.servlet.TldScanner.scanJars At least one JAR was scanned for TLDs yet contained no TLDs. Enable debug logging for this logger for a complete list of JARs that were scanned but no TLDs were found in them. Skipping unneeded JARs during scanning can improve startup time and JSP compilation time.
15-Nov-2024 10:13:55.254 WARNING [main] org.glassfish.jersey.server.wadl.WadlFeature.configure JAXBContext implementation could not be found. WADL feature is disabled.
15-Nov-2024 10:13:55.951 INFO [main] org.apache.catalina.startup.HostConfig.deployDirectory Deployment of web application directory [C:\apache-tomcat-10.1.18\webapps\webapp_war] has finished in [3,638] ms
15-Nov-2024 10:13:55.951 INFO [main] org.apache.catalina.startup.HostConfig.deployDirectory Deploying web application directory [C:\apache-tomcat-10.1.18\webapps\webmechanic_war]
15-Nov-2024 10:13:58.217 INFO [main] org.apache.jasper.servlet.TldScanner.scanJars At least one JAR was scanned for TLDs yet contained no TLDs. Enable debug logging for this logger for a complete list of JARs that were scanned but no TLDs were found in them. Skipping unneeded JARs during scanning can improve startup time and JSP compilation time.
15-Nov-2024 10:13:58.853 WARNING [main] org.glassfish.jersey.server.wadl.WadlFeature.configure JAXBContext implementation could not be found. WADL feature is disabled.
15-Nov-2024 10:13:59.657 INFO [main] org.apache.catalina.startup.HostConfig.deployDirectory Deployment of web application directory [C:\apache-tomcat-10.1.18\webapps\webmechanic_war] has finished in [3,706] ms
15-Nov-2024 10:13:59.657 INFO [main] org.apache.catalina.startup.HostConfig.deployDirectory Deploying web application directory [C:\apache-tomcat-10.1.18\webapps\WebProjetoAzura_war]
15-Nov-2024 10:14:01.840 INFO [main] org.apache.jasper.servlet.TldScanner.scanJars At least one JAR was scanned for TLDs yet contained no TLDs. Enable debug logging for this logger for a complete list of JARs that were scanned but no TLDs were found in them. Skipping unneeded JARs during scanning can improve startup time and JSP compilation time.
15-Nov-2024 10:14:01.848 INFO [main] org.apache.catalina.startup.HostConfig.deployDirectory Deployment of web application directory [C:\apache-tomcat-10.1.18\webapps\WebProjetoAzura_war] has finished in [2,191] ms
15-Nov-2024 10:14:01.849 INFO [main] org.apache.catalina.startup.HostConfig.deployDirectory Deploying web application directory [C:\apache-tomcat-10.1.18\webapps\web_war]
15-Nov-2024 10:14:04.004 INFO [main] org.apache.jasper.servlet.TldScanner.scanJars At least one JAR was scanned for TLDs yet contained no TLDs. Enable debug logging for this logger for a complete list of JARs that were scanned but no TLDs were found in them. Skipping unneeded JARs during scanning can improve startup time and JSP compilation time.
15-Nov-2024 10:14:04.637 WARNING [main] org.glassfish.jersey.server.wadl.WadlFeature.configure JAXBContext implementation could not be found. WADL feature is disabled.
15-Nov-2024 10:14:05.315 INFO [main] org.apache.catalina.startup.HostConfig.deployDirectory Deployment of web application directory [C:\apache-tomcat-10.1.18\webapps\web_war] has finished in [3,466] ms
15-Nov-2024 10:14:05.319 INFO [main] org.apache.coyote.AbstractProtocol.start Starting ProtocolHandler ["http-nio-8080"]
15-Nov-2024 10:14:05.370 INFO [main] org.apache.catalina.startup.Catalina.start Server startup in [57544] milliseconds
15-Nov-2024 10:19:42.563 INFO [main] org.apache.catalina.startup.VersionLoggerListener.log Server version name:   Apache Tomcat/10.1.18
15-Nov-2024 10:19:42.566 INFO [main] org.apache.catalina.startup.VersionLoggerListener.log Server built:          Jan 5 2024 14:39:40 UTC
15-Nov-2024 10:19:42.567 INFO [main] org.apache.catalina.startup.VersionLoggerListener.log Server version number: 10.1.18.0
15-Nov-2024 10:19:42.567 INFO [main] org.apache.catalina.startup.VersionLoggerListener.log OS Name:               Windows 10
15-Nov-2024 10:19:42.567 INFO [main] org.apache.catalina.startup.VersionLoggerListener.log OS Version:            10.0
15-Nov-2024 10:19:42.567 INFO [main] org.apache.catalina.startup.VersionLoggerListener.log Architecture:          amd64
15-Nov-2024 10:19:42.567 INFO [main] org.apache.catalina.startup.VersionLoggerListener.log Java Home:             C:\Program Files\Java\jdk-17
15-Nov-2024 10:19:42.568 INFO [main] org.apache.catalina.startup.VersionLoggerListener.log JVM Version:           17.0.10+11-LTS-240
15-Nov-2024 10:19:42.568 INFO [main] org.apache.catalina.startup.VersionLoggerListener.log JVM Vendor:            Oracle Corporation
15-Nov-2024 10:19:42.568 INFO [main] org.apache.catalina.startup.VersionLoggerListener.log CATALINA_BASE:         C:\apache-tomcat-10.1.18
15-Nov-2024 10:19:42.568 INFO [main] org.apache.catalina.startup.VersionLoggerListener.log CATALINA_HOME:         C:\apache-tomcat-10.1.18
15-Nov-2024 10:19:42.576 INFO [main] org.apache.catalina.startup.VersionLoggerListener.log Command line argument: -Djava.util.logging.config.file=C:\apache-tomcat-10.1.18\conf\logging.properties
15-Nov-2024 10:19:42.576 INFO [main] org.apache.catalina.startup.VersionLoggerListener.log Command line argument: -Djava.util.logging.manager=org.apache.juli.ClassLoaderLogManager
15-Nov-2024 10:19:42.577 INFO [main] org.apache.catalina.startup.VersionLoggerListener.log Command line argument: -Djdk.tls.ephemeralDHKeySize=2048
15-Nov-2024 10:19:42.577 INFO [main] org.apache.catalina.startup.VersionLoggerListener.log Command line argument: -Djava.protocol.handler.pkgs=org.apache.catalina.webresources
15-Nov-2024 10:19:42.577 INFO [main] org.apache.catalina.startup.VersionLoggerListener.log Command line argument: --add-opens=java.base/java.lang=ALL-UNNAMED
15-Nov-2024 10:19:42.577 INFO [main] org.apache.catalina.startup.VersionLoggerListener.log Command line argument: --add-opens=java.base/java.io=ALL-UNNAMED
15-Nov-2024 10:19:42.578 INFO [main] org.apache.catalina.startup.VersionLoggerListener.log Command line argument: --add-opens=java.base/java.util=ALL-UNNAMED
15-Nov-2024 10:19:42.578 INFO [main] org.apache.catalina.startup.VersionLoggerListener.log Command line argument: --add-opens=java.base/java.util.concurrent=ALL-UNNAMED
15-Nov-2024 10:19:42.580 INFO [main] org.apache.catalina.startup.VersionLoggerListener.log Command line argument: --add-opens=java.rmi/sun.rmi.transport=ALL-UNNAMED
15-Nov-2024 10:19:42.581 INFO [main] org.apache.catalina.startup.VersionLoggerListener.log Command line argument: -Dcatalina.base=C:\apache-tomcat-10.1.18
15-Nov-2024 10:19:42.581 INFO [main] org.apache.catalina.startup.VersionLoggerListener.log Command line argument: -Dcatalina.home=C:\apache-tomcat-10.1.18
15-Nov-2024 10:19:42.582 INFO [main] org.apache.catalina.startup.VersionLoggerListener.log Command line argument: -Djava.io.tmpdir=C:\apache-tomcat-10.1.18\temp
15-Nov-2024 10:19:42.585 INFO [main] org.apache.catalina.core.AprLifecycleListener.lifecycleEvent Loaded Apache Tomcat Native library [2.0.6] using APR version [1.7.4].
15-Nov-2024 10:19:42.590 INFO [main] org.apache.catalina.core.AprLifecycleListener.initializeSSL OpenSSL successfully initialized [OpenSSL 3.0.11 19 Sep 2023]
15-Nov-2024 10:19:42.789 INFO [main] org.apache.coyote.AbstractProtocol.init Initializing ProtocolHandler ["http-nio-8080"]
15-Nov-2024 10:19:42.812 INFO [main] org.apache.catalina.startup.Catalina.load Server initialization in [410] milliseconds
15-Nov-2024 10:19:42.865 INFO [main] org.apache.catalina.core.StandardService.startInternal Starting service [Catalina]
15-Nov-2024 10:19:42.865 INFO [main] org.apache.catalina.core.StandardEngine.startInternal Starting Servlet engine: [Apache Tomcat/10.1.18]
15-Nov-2024 10:19:42.895 INFO [main] org.apache.catalina.startup.HostConfig.deployWAR Deploying web application archive [C:\apache-tomcat-10.1.18\webapps\gslevi.war]
15-Nov-2024 10:19:44.782 INFO [main] org.apache.jasper.servlet.TldScanner.scanJars At least one JAR was scanned for TLDs yet contained no TLDs. Enable debug logging for this logger for a complete list of JARs that were scanned but no TLDs were found in them. Skipping unneeded JARs during scanning can improve startup time and JSP compilation time.
15-Nov-2024 10:19:45.569 WARNING [main] org.glassfish.jersey.server.wadl.WadlFeature.configure JAXBContext implementation could not be found. WADL feature is disabled.
15-Nov-2024 10:19:46.386 INFO [main] org.apache.catalina.startup.HostConfig.deployWAR Deployment of web application archive [C:\apache-tomcat-10.1.18\webapps\gslevi.war] has finished in [3,491] ms
15-Nov-2024 10:19:46.387 INFO [main] org.apache.catalina.startup.HostConfig.deployDirectory Deploying web application directory [C:\apache-tomcat-10.1.18\webapps\challenge1_war]
15-Nov-2024 10:19:47.898 INFO [main] org.apache.jasper.servlet.TldScanner.scanJars At least one JAR was scanned for TLDs yet contained no TLDs. Enable debug logging for this logger for a complete list of JARs that were scanned but no TLDs were found in them. Skipping unneeded JARs during scanning can improve startup time and JSP compilation time.
15-Nov-2024 10:19:48.559 WARNING [main] org.glassfish.jersey.server.wadl.WadlFeature.configure JAXBContext implementation could not be found. WADL feature is disabled.
15-Nov-2024 10:19:49.300 INFO [main] org.apache.catalina.startup.HostConfig.deployDirectory Deployment of web application directory [C:\apache-tomcat-10.1.18\webapps\challenge1_war] has finished in [2,913] ms
15-Nov-2024 10:19:49.301 INFO [main] org.apache.catalina.startup.HostConfig.deployDirectory Deploying web application directory [C:\apache-tomcat-10.1.18\webapps\Challenge_Java_Sprint4_war]
15-Nov-2024 10:19:50.797 INFO [main] org.apache.jasper.servlet.TldScanner.scanJars At least one JAR was scanned for TLDs yet contained no TLDs. Enable debug logging for this logger for a complete list of JARs that were scanned but no TLDs were found in them. Skipping unneeded JARs during scanning can improve startup time and JSP compilation time.
15-Nov-2024 10:19:51.461 WARNING [main] org.glassfish.jersey.server.wadl.WadlFeature.configure JAXBContext implementation could not be found. WADL feature is disabled.
15-Nov-2024 10:19:52.191 INFO [main] org.apache.catalina.startup.HostConfig.deployDirectory Deployment of web application directory [C:\apache-tomcat-10.1.18\webapps\Challenge_Java_Sprint4_war] has finished in [2,891] ms
15-Nov-2024 10:19:52.192 INFO [main] org.apache.catalina.startup.HostConfig.deployDirectory Deploying web application directory [C:\apache-tomcat-10.1.18\webapps\ddd_study_war]
15-Nov-2024 10:19:53.780 INFO [main] org.apache.jasper.servlet.TldScanner.scanJars At least one JAR was scanned for TLDs yet contained no TLDs. Enable debug logging for this logger for a complete list of JARs that were scanned but no TLDs were found in them. Skipping unneeded JARs during scanning can improve startup time and JSP compilation time.
15-Nov-2024 10:19:54.433 WARNING [main] org.glassfish.jersey.server.wadl.WadlFeature.configure JAXBContext implementation could not be found. WADL feature is disabled.
15-Nov-2024 10:19:55.153 INFO [main] org.apache.catalina.startup.HostConfig.deployDirectory Deployment of web application directory [C:\apache-tomcat-10.1.18\webapps\ddd_study_war] has finished in [2,961] ms
15-Nov-2024 10:19:55.153 INFO [main] org.apache.catalina.startup.HostConfig.deployDirectory Deploying web application directory [C:\apache-tomcat-10.1.18\webapps\ddd_usuario_war]
15-Nov-2024 10:19:56.368 INFO [main] org.apache.jasper.servlet.TldScanner.scanJars At least one JAR was scanned for TLDs yet contained no TLDs. Enable debug logging for this logger for a complete list of JARs that were scanned but no TLDs were found in them. Skipping unneeded JARs during scanning can improve startup time and JSP compilation time.
15-Nov-2024 10:19:57.011 WARNING [main] org.glassfish.jersey.server.wadl.WadlFeature.configure JAXBContext implementation could not be found. WADL feature is disabled.
15-Nov-2024 10:19:57.661 INFO [main] org.apache.catalina.startup.HostConfig.deployDirectory Deployment of web application directory [C:\apache-tomcat-10.1.18\webapps\ddd_usuario_war] has finished in [2,508] ms
15-Nov-2024 10:19:57.661 INFO [main] org.apache.catalina.startup.HostConfig.deployDirectory Deploying web application directory [C:\apache-tomcat-10.1.18\webapps\docs]
15-Nov-2024 10:19:57.699 INFO [main] org.apache.catalina.startup.HostConfig.deployDirectory Deployment of web application directory [C:\apache-tomcat-10.1.18\webapps\docs] has finished in [38] ms
15-Nov-2024 10:19:57.699 INFO [main] org.apache.catalina.startup.HostConfig.deployDirectory Deploying web application directory [C:\apache-tomcat-10.1.18\webapps\examples]
15-Nov-2024 10:19:58.290 INFO [main] org.apache.catalina.startup.HostConfig.deployDirectory Deployment of web application directory [C:\apache-tomcat-10.1.18\webapps\examples] has finished in [591] ms
15-Nov-2024 10:19:58.291 INFO [main] org.apache.catalina.startup.HostConfig.deployDirectory Deploying web application directory [C:\apache-tomcat-10.1.18\webapps\gslevi_war]
15-Nov-2024 10:19:59.824 INFO [main] org.apache.jasper.servlet.TldScanner.scanJars At least one JAR was scanned for TLDs yet contained no TLDs. Enable debug logging for this logger for a complete list of JARs that were scanned but no TLDs were found in them. Skipping unneeded JARs during scanning can improve startup time and JSP compilation time.
15-Nov-2024 10:20:00.469 WARNING [main] org.glassfish.jersey.server.wadl.WadlFeature.configure JAXBContext implementation could not be found. WADL feature is disabled.
15-Nov-2024 10:20:01.188 INFO [main] org.apache.catalina.startup.HostConfig.deployDirectory Deployment of web application directory [C:\apache-tomcat-10.1.18\webapps\gslevi_war] has finished in [2,897] ms
15-Nov-2024 10:20:01.189 INFO [main] org.apache.catalina.startup.HostConfig.deployDirectory Deploying web application directory [C:\apache-tomcat-10.1.18\webapps\GS_LEVI_war]
15-Nov-2024 10:20:02.776 INFO [main] org.apache.jasper.servlet.TldScanner.scanJars At least one JAR was scanned for TLDs yet contained no TLDs. Enable debug logging for this logger for a complete list of JARs that were scanned but no TLDs were found in them. Skipping unneeded JARs during scanning can improve startup time and JSP compilation time.
15-Nov-2024 10:20:03.425 WARNING [main] org.glassfish.jersey.server.wadl.WadlFeature.configure JAXBContext implementation could not be found. WADL feature is disabled.
15-Nov-2024 10:20:04.081 INFO [main] org.apache.catalina.startup.HostConfig.deployDirectory Deployment of web application directory [C:\apache-tomcat-10.1.18\webapps\GS_LEVI_war] has finished in [2,892] ms
15-Nov-2024 10:20:04.082 INFO [main] org.apache.catalina.startup.HostConfig.deployDirectory Deploying web application directory [C:\apache-tomcat-10.1.18\webapps\host-manager]
15-Nov-2024 10:20:04.123 INFO [main] org.apache.catalina.startup.HostConfig.deployDirectory Deployment of web application directory [C:\apache-tomcat-10.1.18\webapps\host-manager] has finished in [41] ms
15-Nov-2024 10:20:04.124 INFO [main] org.apache.catalina.startup.HostConfig.deployDirectory Deploying web application directory [C:\apache-tomcat-10.1.18\webapps\Java_Web]
15-Nov-2024 10:20:05.638 INFO [main] org.apache.jasper.servlet.TldScanner.scanJars At least one JAR was scanned for TLDs yet contained no TLDs. Enable debug logging for this logger for a complete list of JARs that were scanned but no TLDs were found in them. Skipping unneeded JARs during scanning can improve startup time and JSP compilation time.
15-Nov-2024 10:20:06.276 WARNING [main] org.glassfish.jersey.server.wadl.WadlFeature.configure JAXBContext implementation could not be found. WADL feature is disabled.
15-Nov-2024 10:20:07.021 INFO [main] org.apache.catalina.startup.HostConfig.deployDirectory Deployment of web application directory [C:\apache-tomcat-10.1.18\webapps\Java_Web] has finished in [2,898] ms
15-Nov-2024 10:20:07.022 INFO [main] org.apache.catalina.startup.HostConfig.deployDirectory Deploying web application directory [C:\apache-tomcat-10.1.18\webapps\manager]
15-Nov-2024 10:20:07.082 INFO [main] org.apache.catalina.startup.HostConfig.deployDirectory Deployment of web application directory [C:\apache-tomcat-10.1.18\webapps\manager] has finished in [60] ms
15-Nov-2024 10:20:07.082 INFO [main] org.apache.catalina.startup.HostConfig.deployDirectory Deploying web application directory [C:\apache-tomcat-10.1.18\webapps\ROOT]
15-Nov-2024 10:20:07.114 INFO [main] org.apache.catalina.startup.HostConfig.deployDirectory Deployment of web application directory [C:\apache-tomcat-10.1.18\webapps\ROOT] has finished in [32] ms
15-Nov-2024 10:20:07.115 INFO [main] org.apache.catalina.startup.HostConfig.deployDirectory Deploying web application directory [C:\apache-tomcat-10.1.18\webapps\teste3]
15-Nov-2024 10:20:08.604 INFO [main] org.apache.jasper.servlet.TldScanner.scanJars At least one JAR was scanned for TLDs yet contained no TLDs. Enable debug logging for this logger for a complete list of JARs that were scanned but no TLDs were found in them. Skipping unneeded JARs during scanning can improve startup time and JSP compilation time.
15-Nov-2024 10:20:09.237 WARNING [main] org.glassfish.jersey.server.wadl.WadlFeature.configure JAXBContext implementation could not be found. WADL feature is disabled.
15-Nov-2024 10:20:09.898 INFO [main] org.apache.catalina.startup.HostConfig.deployDirectory Deployment of web application directory [C:\apache-tomcat-10.1.18\webapps\teste3] has finished in [2,783] ms
15-Nov-2024 10:20:09.898 INFO [main] org.apache.catalina.startup.HostConfig.deployDirectory Deploying web application directory [C:\apache-tomcat-10.1.18\webapps\teste3_war]
15-Nov-2024 10:20:11.258 INFO [main] org.apache.jasper.servlet.TldScanner.scanJars At least one JAR was scanned for TLDs yet contained no TLDs. Enable debug logging for this logger for a complete list of JARs that were scanned but no TLDs were found in them. Skipping unneeded JARs during scanning can improve startup time and JSP compilation time.
15-Nov-2024 10:20:11.291 INFO [main] org.apache.catalina.startup.HostConfig.deployDirectory Deployment of web application directory [C:\apache-tomcat-10.1.18\webapps\teste3_war] has finished in [1,393] ms
15-Nov-2024 10:20:11.291 INFO [main] org.apache.catalina.startup.HostConfig.deployDirectory Deploying web application directory [C:\apache-tomcat-10.1.18\webapps\teste_3_war]
15-Nov-2024 10:20:12.766 INFO [main] org.apache.jasper.servlet.TldScanner.scanJars At least one JAR was scanned for TLDs yet contained no TLDs. Enable debug logging for this logger for a complete list of JARs that were scanned but no TLDs were found in them. Skipping unneeded JARs during scanning can improve startup time and JSP compilation time.
15-Nov-2024 10:20:13.398 WARNING [main] org.glassfish.jersey.server.wadl.WadlFeature.configure JAXBContext implementation could not be found. WADL feature is disabled.
15-Nov-2024 10:20:14.076 INFO [main] org.apache.catalina.startup.HostConfig.deployDirectory Deployment of web application directory [C:\apache-tomcat-10.1.18\webapps\teste_3_war] has finished in [2,784] ms
15-Nov-2024 10:20:14.076 INFO [main] org.apache.catalina.startup.HostConfig.deployDirectory Deploying web application directory [C:\apache-tomcat-10.1.18\webapps\webapp]
15-Nov-2024 10:20:15.527 INFO [main] org.apache.jasper.servlet.TldScanner.scanJars At least one JAR was scanned for TLDs yet contained no TLDs. Enable debug logging for this logger for a complete list of JARs that were scanned but no TLDs were found in them. Skipping unneeded JARs during scanning can improve startup time and JSP compilation time.
15-Nov-2024 10:20:16.157 WARNING [main] org.glassfish.jersey.server.wadl.WadlFeature.configure JAXBContext implementation could not be found. WADL feature is disabled.
15-Nov-2024 10:20:16.851 INFO [main] org.apache.catalina.startup.HostConfig.deployDirectory Deployment of web application directory [C:\apache-tomcat-10.1.18\webapps\webapp] has finished in [2,775] ms
15-Nov-2024 10:20:16.852 INFO [main] org.apache.catalina.startup.HostConfig.deployDirectory Deploying web application directory [C:\apache-tomcat-10.1.18\webapps\webapp_war]
15-Nov-2024 10:20:18.371 INFO [main] org.apache.jasper.servlet.TldScanner.scanJars At least one JAR was scanned for TLDs yet contained no TLDs. Enable debug logging for this logger for a complete list of JARs that were scanned but no TLDs were found in them. Skipping unneeded JARs during scanning can improve startup time and JSP compilation time.
15-Nov-2024 10:20:19.016 WARNING [main] org.glassfish.jersey.server.wadl.WadlFeature.configure JAXBContext implementation could not be found. WADL feature is disabled.
15-Nov-2024 10:20:19.734 INFO [main] org.apache.catalina.startup.HostConfig.deployDirectory Deployment of web application directory [C:\apache-tomcat-10.1.18\webapps\webapp_war] has finished in [2,883] ms
15-Nov-2024 10:20:19.735 INFO [main] org.apache.catalina.startup.HostConfig.deployDirectory Deploying web application directory [C:\apache-tomcat-10.1.18\webapps\webmechanic_war]
15-Nov-2024 10:20:21.325 INFO [main] org.apache.jasper.servlet.TldScanner.scanJars At least one JAR was scanned for TLDs yet contained no TLDs. Enable debug logging for this logger for a complete list of JARs that were scanned but no TLDs were found in them. Skipping unneeded JARs during scanning can improve startup time and JSP compilation time.
15-Nov-2024 10:20:21.953 WARNING [main] org.glassfish.jersey.server.wadl.WadlFeature.configure JAXBContext implementation could not be found. WADL feature is disabled.
15-Nov-2024 10:20:22.790 INFO [main] org.apache.catalina.startup.HostConfig.deployDirectory Deployment of web application directory [C:\apache-tomcat-10.1.18\webapps\webmechanic_war] has finished in [3,055] ms
15-Nov-2024 10:20:22.791 INFO [main] org.apache.catalina.startup.HostConfig.deployDirectory Deploying web application directory [C:\apache-tomcat-10.1.18\webapps\WebProjetoAzura_war]
15-Nov-2024 10:20:24.196 INFO [main] org.apache.jasper.servlet.TldScanner.scanJars At least one JAR was scanned for TLDs yet contained no TLDs. Enable debug logging for this logger for a complete list of JARs that were scanned but no TLDs were found in them. Skipping unneeded JARs during scanning can improve startup time and JSP compilation time.
15-Nov-2024 10:20:24.203 INFO [main] org.apache.catalina.startup.HostConfig.deployDirectory Deployment of web application directory [C:\apache-tomcat-10.1.18\webapps\WebProjetoAzura_war] has finished in [1,412] ms
15-Nov-2024 10:20:24.203 INFO [main] org.apache.catalina.startup.HostConfig.deployDirectory Deploying web application directory [C:\apache-tomcat-10.1.18\webapps\web_war]
15-Nov-2024 10:20:25.600 INFO [main] org.apache.jasper.servlet.TldScanner.scanJars At least one JAR was scanned for TLDs yet contained no TLDs. Enable debug logging for this logger for a complete list of JARs that were scanned but no TLDs were found in them. Skipping unneeded JARs during scanning can improve startup time and JSP compilation time.
15-Nov-2024 10:20:26.250 WARNING [main] org.glassfish.jersey.server.wadl.WadlFeature.configure JAXBContext implementation could not be found. WADL feature is disabled.
15-Nov-2024 10:20:26.938 INFO [main] org.apache.catalina.startup.HostConfig.deployDirectory Deployment of web application directory [C:\apache-tomcat-10.1.18\webapps\web_war] has finished in [2,735] ms
15-Nov-2024 10:20:26.942 INFO [main] org.apache.coyote.AbstractProtocol.start Starting ProtocolHandler ["http-nio-8080"]
15-Nov-2024 10:20:26.988 INFO [main] org.apache.catalina.startup.Catalina.start Server startup in [44175] milliseconds
15-Nov-2024 13:29:38.299 INFO [main] org.apache.catalina.startup.VersionLoggerListener.log Server version name:   Apache Tomcat/10.1.18
15-Nov-2024 13:29:38.302 INFO [main] org.apache.catalina.startup.VersionLoggerListener.log Server built:          Jan 5 2024 14:39:40 UTC
15-Nov-2024 13:29:38.303 INFO [main] org.apache.catalina.startup.VersionLoggerListener.log Server version number: 10.1.18.0
15-Nov-2024 13:29:38.303 INFO [main] org.apache.catalina.startup.VersionLoggerListener.log OS Name:               Windows 10
15-Nov-2024 13:29:38.303 INFO [main] org.apache.catalina.startup.VersionLoggerListener.log OS Version:            10.0
15-Nov-2024 13:29:38.303 INFO [main] org.apache.catalina.startup.VersionLoggerListener.log Architecture:          amd64
15-Nov-2024 13:29:38.303 INFO [main] org.apache.catalina.startup.VersionLoggerListener.log Java Home:             C:\Program Files\Java\jdk-17
15-Nov-2024 13:29:38.303 INFO [main] org.apache.catalina.startup.VersionLoggerListener.log JVM Version:           17.0.10+11-LTS-240
15-Nov-2024 13:29:38.303 INFO [main] org.apache.catalina.startup.VersionLoggerListener.log JVM Vendor:            Oracle Corporation
15-Nov-2024 13:29:38.304 INFO [main] org.apache.catalina.startup.VersionLoggerListener.log CATALINA_BASE:         C:\Users\supev\Documents\EOQ\FIAP\1TDSPM\Global Solution 2\Java\gslevi\tomcat
15-Nov-2024 13:29:38.304 INFO [main] org.apache.catalina.startup.VersionLoggerListener.log CATALINA_HOME:         C:\Users\supev\Documents\EOQ\FIAP\1TDSPM\Global Solution 2\Java\gslevi\tomcat
15-Nov-2024 13:29:38.313 INFO [main] org.apache.catalina.startup.VersionLoggerListener.log Command line argument: -Djava.util.logging.config.file=C:\Users\supev\Documents\EOQ\FIAP\1TDSPM\Global Solution 2\Java\gslevi\tomcat\conf\logging.properties
15-Nov-2024 13:29:38.313 INFO [main] org.apache.catalina.startup.VersionLoggerListener.log Command line argument: -Djava.util.logging.manager=org.apache.juli.ClassLoaderLogManager
15-Nov-2024 13:29:38.313 INFO [main] org.apache.catalina.startup.VersionLoggerListener.log Command line argument: -Djdk.tls.ephemeralDHKeySize=2048
15-Nov-2024 13:29:38.314 INFO [main] org.apache.catalina.startup.VersionLoggerListener.log Command line argument: -Djava.protocol.handler.pkgs=org.apache.catalina.webresources
15-Nov-2024 13:29:38.314 INFO [main] org.apache.catalina.startup.VersionLoggerListener.log Command line argument: --add-opens=java.base/java.lang=ALL-UNNAMED
15-Nov-2024 13:29:38.314 INFO [main] org.apache.catalina.startup.VersionLoggerListener.log Command line argument: --add-opens=java.base/java.io=ALL-UNNAMED
15-Nov-2024 13:29:38.315 INFO [main] org.apache.catalina.startup.VersionLoggerListener.log Command line argument: --add-opens=java.base/java.util=ALL-UNNAMED
15-Nov-2024 13:29:38.317 INFO [main] org.apache.catalina.startup.VersionLoggerListener.log Command line argument: --add-opens=java.base/java.util.concurrent=ALL-UNNAMED
15-Nov-2024 13:29:38.319 INFO [main] org.apache.catalina.startup.VersionLoggerListener.log Command line argument: --add-opens=java.rmi/sun.rmi.transport=ALL-UNNAMED
15-Nov-2024 13:29:38.319 INFO [main] org.apache.catalina.startup.VersionLoggerListener.log Command line argument: -Dcatalina.base=C:\Users\supev\Documents\EOQ\FIAP\1TDSPM\Global Solution 2\Java\gslevi\tomcat
15-Nov-2024 13:29:38.320 INFO [main] org.apache.catalina.startup.VersionLoggerListener.log Command line argument: -Dcatalina.home=C:\Users\supev\Documents\EOQ\FIAP\1TDSPM\Global Solution 2\Java\gslevi\tomcat
15-Nov-2024 13:29:38.321 INFO [main] org.apache.catalina.startup.VersionLoggerListener.log Command line argument: -Djava.io.tmpdir=C:\Users\supev\Documents\EOQ\FIAP\1TDSPM\Global Solution 2\Java\gslevi\tomcat\temp
15-Nov-2024 13:29:38.325 INFO [main] org.apache.catalina.core.AprLifecycleListener.lifecycleEvent Loaded Apache Tomcat Native library [2.0.6] using APR version [1.7.4].
15-Nov-2024 13:29:38.331 INFO [main] org.apache.catalina.core.AprLifecycleListener.initializeSSL OpenSSL successfully initialized [OpenSSL 3.0.11 19 Sep 2023]
15-Nov-2024 13:29:38.549 INFO [main] org.apache.coyote.AbstractProtocol.init Initializing ProtocolHandler ["http-nio-8080"]
15-Nov-2024 13:29:38.580 INFO [main] org.apache.catalina.startup.Catalina.load Server initialization in [456] milliseconds
15-Nov-2024 13:29:38.639 INFO [main] org.apache.catalina.core.StandardService.startInternal Starting service [Catalina]
15-Nov-2024 13:29:38.640 INFO [main] org.apache.catalina.core.StandardEngine.startInternal Starting Servlet engine: [Apache Tomcat/10.1.18]
15-Nov-2024 13:29:38.675 INFO [main] org.apache.catalina.startup.HostConfig.deployWAR Deploying web application archive [C:\Users\supev\Documents\EOQ\FIAP\1TDSPM\Global Solution 2\Java\gslevi\tomcat\webapps\gslevi.war]
15-Nov-2024 13:29:38.699 INFO [main] org.apache.catalina.startup.ExpandWar.expand An expanded directory [C:\Users\supev\Documents\EOQ\FIAP\1TDSPM\Global Solution 2\Java\gslevi\tomcat\webapps\gslevi] was found with a last modified time that did not match the associated WAR. It will be deleted.
15-Nov-2024 13:29:42.410 INFO [main] org.apache.jasper.servlet.TldScanner.scanJars At least one JAR was scanned for TLDs yet contained no TLDs. Enable debug logging for this logger for a complete list of JARs that were scanned but no TLDs were found in them. Skipping unneeded JARs during scanning can improve startup time and JSP compilation time.
15-Nov-2024 13:29:43.916 WARNING [main] org.glassfish.jersey.server.wadl.WadlFeature.configure JAXBContext implementation could not be found. WADL feature is disabled.
15-Nov-2024 13:29:45.480 INFO [main] org.apache.catalina.startup.HostConfig.deployWAR Deployment of web application archive [C:\Users\supev\Documents\EOQ\FIAP\1TDSPM\Global Solution 2\Java\gslevi\tomcat\webapps\gslevi.war] has finished in [6,804] ms
15-Nov-2024 13:29:45.480 INFO [main] org.apache.catalina.startup.HostConfig.deployDirectory Deploying web application directory [C:\Users\supev\Documents\EOQ\FIAP\1TDSPM\Global Solution 2\Java\gslevi\tomcat\webapps\challenge1_war]
15-Nov-2024 13:29:48.229 INFO [main] org.apache.jasper.servlet.TldScanner.scanJars At least one JAR was scanned for TLDs yet contained no TLDs. Enable debug logging for this logger for a complete list of JARs that were scanned but no TLDs were found in them. Skipping unneeded JARs during scanning can improve startup time and JSP compilation time.
15-Nov-2024 13:29:49.580 WARNING [main] org.glassfish.jersey.server.wadl.WadlFeature.configure JAXBContext implementation could not be found. WADL feature is disabled.
15-Nov-2024 13:29:51.026 INFO [main] org.apache.catalina.startup.HostConfig.deployDirectory Deployment of web application directory [C:\Users\supev\Documents\EOQ\FIAP\1TDSPM\Global Solution 2\Java\gslevi\tomcat\webapps\challenge1_war] has finished in [5,545] ms
15-Nov-2024 13:29:51.026 INFO [main] org.apache.catalina.startup.HostConfig.deployDirectory Deploying web application directory [C:\Users\supev\Documents\EOQ\FIAP\1TDSPM\Global Solution 2\Java\gslevi\tomcat\webapps\Challenge_Java_Sprint4_war]
15-Nov-2024 13:29:53.819 INFO [main] org.apache.jasper.servlet.TldScanner.scanJars At least one JAR was scanned for TLDs yet contained no TLDs. Enable debug logging for this logger for a complete list of JARs that were scanned but no TLDs were found in them. Skipping unneeded JARs during scanning can improve startup time and JSP compilation time.
15-Nov-2024 13:29:55.168 WARNING [main] org.glassfish.jersey.server.wadl.WadlFeature.configure JAXBContext implementation could not be found. WADL feature is disabled.
15-Nov-2024 13:29:56.615 INFO [main] org.apache.catalina.startup.HostConfig.deployDirectory Deployment of web application directory [C:\Users\supev\Documents\EOQ\FIAP\1TDSPM\Global Solution 2\Java\gslevi\tomcat\webapps\Challenge_Java_Sprint4_war] has finished in [5,589] ms
15-Nov-2024 13:29:56.616 INFO [main] org.apache.catalina.startup.HostConfig.deployDirectory Deploying web application directory [C:\Users\supev\Documents\EOQ\FIAP\1TDSPM\Global Solution 2\Java\gslevi\tomcat\webapps\ddd_study_war]
15-Nov-2024 13:29:59.348 INFO [main] org.apache.jasper.servlet.TldScanner.scanJars At least one JAR was scanned for TLDs yet contained no TLDs. Enable debug logging for this logger for a complete list of JARs that were scanned but no TLDs were found in them. Skipping unneeded JARs during scanning can improve startup time and JSP compilation time.
15-Nov-2024 13:30:00.678 WARNING [main] org.glassfish.jersey.server.wadl.WadlFeature.configure JAXBContext implementation could not be found. WADL feature is disabled.
15-Nov-2024 13:30:02.123 INFO [main] org.apache.catalina.startup.HostConfig.deployDirectory Deployment of web application directory [C:\Users\supev\Documents\EOQ\FIAP\1TDSPM\Global Solution 2\Java\gslevi\tomcat\webapps\ddd_study_war] has finished in [5,507] ms
15-Nov-2024 13:30:02.124 INFO [main] org.apache.catalina.startup.HostConfig.deployDirectory Deploying web application directory [C:\Users\supev\Documents\EOQ\FIAP\1TDSPM\Global Solution 2\Java\gslevi\tomcat\webapps\ddd_usuario_war]
15-Nov-2024 13:30:04.493 INFO [main] org.apache.jasper.servlet.TldScanner.scanJars At least one JAR was scanned for TLDs yet contained no TLDs. Enable debug logging for this logger for a complete list of JARs that were scanned but no TLDs were found in them. Skipping unneeded JARs during scanning can improve startup time and JSP compilation time.
15-Nov-2024 13:30:05.820 WARNING [main] org.glassfish.jersey.server.wadl.WadlFeature.configure JAXBContext implementation could not be found. WADL feature is disabled.
15-Nov-2024 13:30:07.236 INFO [main] org.apache.catalina.startup.HostConfig.deployDirectory Deployment of web application directory [C:\Users\supev\Documents\EOQ\FIAP\1TDSPM\Global Solution 2\Java\gslevi\tomcat\webapps\ddd_usuario_war] has finished in [5,111] ms
15-Nov-2024 13:30:07.236 INFO [main] org.apache.catalina.startup.HostConfig.deployDirectory Deploying web application directory [C:\Users\supev\Documents\EOQ\FIAP\1TDSPM\Global Solution 2\Java\gslevi\tomcat\webapps\docs]
15-Nov-2024 13:30:07.301 INFO [main] org.apache.catalina.startup.HostConfig.deployDirectory Deployment of web application directory [C:\Users\supev\Documents\EOQ\FIAP\1TDSPM\Global Solution 2\Java\gslevi\tomcat\webapps\docs] has finished in [65] ms
15-Nov-2024 13:30:07.302 INFO [main] org.apache.catalina.startup.HostConfig.deployDirectory Deploying web application directory [C:\Users\supev\Documents\EOQ\FIAP\1TDSPM\Global Solution 2\Java\gslevi\tomcat\webapps\examples]
15-Nov-2024 13:30:08.297 INFO [main] org.apache.catalina.startup.HostConfig.deployDirectory Deployment of web application directory [C:\Users\supev\Documents\EOQ\FIAP\1TDSPM\Global Solution 2\Java\gslevi\tomcat\webapps\examples] has finished in [995] ms
15-Nov-2024 13:30:08.298 INFO [main] org.apache.catalina.startup.HostConfig.deployDirectory Deploying web application directory [C:\Users\supev\Documents\EOQ\FIAP\1TDSPM\Global Solution 2\Java\gslevi\tomcat\webapps\gslevi_war]
15-Nov-2024 13:30:11.174 INFO [main] org.apache.jasper.servlet.TldScanner.scanJars At least one JAR was scanned for TLDs yet contained no TLDs. Enable debug logging for this logger for a complete list of JARs that were scanned but no TLDs were found in them. Skipping unneeded JARs during scanning can improve startup time and JSP compilation time.
15-Nov-2024 13:30:12.491 WARNING [main] org.glassfish.jersey.server.wadl.WadlFeature.configure JAXBContext implementation could not be found. WADL feature is disabled.
15-Nov-2024 13:30:13.954 INFO [main] org.apache.catalina.startup.HostConfig.deployDirectory Deployment of web application directory [C:\Users\supev\Documents\EOQ\FIAP\1TDSPM\Global Solution 2\Java\gslevi\tomcat\webapps\gslevi_war] has finished in [5,656] ms
15-Nov-2024 13:30:13.954 INFO [main] org.apache.catalina.startup.HostConfig.deployDirectory Deploying web application directory [C:\Users\supev\Documents\EOQ\FIAP\1TDSPM\Global Solution 2\Java\gslevi\tomcat\webapps\GS_LEVI_war]
15-Nov-2024 13:30:17.008 INFO [main] org.apache.jasper.servlet.TldScanner.scanJars At least one JAR was scanned for TLDs yet contained no TLDs. Enable debug logging for this logger for a complete list of JARs that were scanned but no TLDs were found in them. Skipping unneeded JARs during scanning can improve startup time and JSP compilation time.
15-Nov-2024 13:30:18.338 WARNING [main] org.glassfish.jersey.server.wadl.WadlFeature.configure JAXBContext implementation could not be found. WADL feature is disabled.
15-Nov-2024 13:30:19.724 INFO [main] org.apache.catalina.startup.HostConfig.deployDirectory Deployment of web application directory [C:\Users\supev\Documents\EOQ\FIAP\1TDSPM\Global Solution 2\Java\gslevi\tomcat\webapps\GS_LEVI_war] has finished in [5,770] ms
15-Nov-2024 13:30:19.725 INFO [main] org.apache.catalina.startup.HostConfig.deployDirectory Deploying web application directory [C:\Users\supev\Documents\EOQ\FIAP\1TDSPM\Global Solution 2\Java\gslevi\tomcat\webapps\host-manager]
15-Nov-2024 13:30:19.804 INFO [main] org.apache.catalina.startup.HostConfig.deployDirectory Deployment of web application directory [C:\Users\supev\Documents\EOQ\FIAP\1TDSPM\Global Solution 2\Java\gslevi\tomcat\webapps\host-manager] has finished in [79] ms
15-Nov-2024 13:30:19.805 INFO [main] org.apache.catalina.startup.HostConfig.deployDirectory Deploying web application directory [C:\Users\supev\Documents\EOQ\FIAP\1TDSPM\Global Solution 2\Java\gslevi\tomcat\webapps\Java_Web]
15-Nov-2024 13:30:22.828 INFO [main] org.apache.jasper.servlet.TldScanner.scanJars At least one JAR was scanned for TLDs yet contained no TLDs. Enable debug logging for this logger for a complete list of JARs that were scanned but no TLDs were found in them. Skipping unneeded JARs during scanning can improve startup time and JSP compilation time.
15-Nov-2024 13:30:24.184 WARNING [main] org.glassfish.jersey.server.wadl.WadlFeature.configure JAXBContext implementation could not be found. WADL feature is disabled.
15-Nov-2024 13:30:25.644 INFO [main] org.apache.catalina.startup.HostConfig.deployDirectory Deployment of web application directory [C:\Users\supev\Documents\EOQ\FIAP\1TDSPM\Global Solution 2\Java\gslevi\tomcat\webapps\Java_Web] has finished in [5,839] ms
15-Nov-2024 13:30:25.645 INFO [main] org.apache.catalina.startup.HostConfig.deployDirectory Deploying web application directory [C:\Users\supev\Documents\EOQ\FIAP\1TDSPM\Global Solution 2\Java\gslevi\tomcat\webapps\manager]
15-Nov-2024 13:30:25.727 INFO [main] org.apache.catalina.startup.HostConfig.deployDirectory Deployment of web application directory [C:\Users\supev\Documents\EOQ\FIAP\1TDSPM\Global Solution 2\Java\gslevi\tomcat\webapps\manager] has finished in [82] ms
15-Nov-2024 13:30:25.727 INFO [main] org.apache.catalina.startup.HostConfig.deployDirectory Deploying web application directory [C:\Users\supev\Documents\EOQ\FIAP\1TDSPM\Global Solution 2\Java\gslevi\tomcat\webapps\ROOT]
15-Nov-2024 13:30:25.778 INFO [main] org.apache.catalina.startup.HostConfig.deployDirectory Deployment of web application directory [C:\Users\supev\Documents\EOQ\FIAP\1TDSPM\Global Solution 2\Java\gslevi\tomcat\webapps\ROOT] has finished in [51] ms
15-Nov-2024 13:30:25.778 INFO [main] org.apache.catalina.startup.HostConfig.deployDirectory Deploying web application directory [C:\Users\supev\Documents\EOQ\FIAP\1TDSPM\Global Solution 2\Java\gslevi\tomcat\webapps\teste3]
15-Nov-2024 13:30:28.610 INFO [main] org.apache.jasper.servlet.TldScanner.scanJars At least one JAR was scanned for TLDs yet contained no TLDs. Enable debug logging for this logger for a complete list of JARs that were scanned but no TLDs were found in them. Skipping unneeded JARs during scanning can improve startup time and JSP compilation time.
15-Nov-2024 13:30:29.939 WARNING [main] org.glassfish.jersey.server.wadl.WadlFeature.configure JAXBContext implementation could not be found. WADL feature is disabled.
15-Nov-2024 13:30:31.289 INFO [main] org.apache.catalina.startup.HostConfig.deployDirectory Deployment of web application directory [C:\Users\supev\Documents\EOQ\FIAP\1TDSPM\Global Solution 2\Java\gslevi\tomcat\webapps\teste3] has finished in [5,511] ms
15-Nov-2024 13:30:31.290 INFO [main] org.apache.catalina.startup.HostConfig.deployDirectory Deploying web application directory [C:\Users\supev\Documents\EOQ\FIAP\1TDSPM\Global Solution 2\Java\gslevi\tomcat\webapps\teste3_war]
15-Nov-2024 13:30:33.860 INFO [main] org.apache.jasper.servlet.TldScanner.scanJars At least one JAR was scanned for TLDs yet contained no TLDs. Enable debug logging for this logger for a complete list of JARs that were scanned but no TLDs were found in them. Skipping unneeded JARs during scanning can improve startup time and JSP compilation time.
15-Nov-2024 13:30:33.923 INFO [main] org.apache.catalina.startup.HostConfig.deployDirectory Deployment of web application directory [C:\Users\supev\Documents\EOQ\FIAP\1TDSPM\Global Solution 2\Java\gslevi\tomcat\webapps\teste3_war] has finished in [2,633] ms
15-Nov-2024 13:30:33.924 INFO [main] org.apache.catalina.startup.HostConfig.deployDirectory Deploying web application directory [C:\Users\supev\Documents\EOQ\FIAP\1TDSPM\Global Solution 2\Java\gslevi\tomcat\webapps\teste_3_war]
15-Nov-2024 13:30:36.772 INFO [main] org.apache.jasper.servlet.TldScanner.scanJars At least one JAR was scanned for TLDs yet contained no TLDs. Enable debug logging for this logger for a complete list of JARs that were scanned but no TLDs were found in them. Skipping unneeded JARs during scanning can improve startup time and JSP compilation time.
15-Nov-2024 13:30:38.088 WARNING [main] org.glassfish.jersey.server.wadl.WadlFeature.configure JAXBContext implementation could not be found. WADL feature is disabled.
15-Nov-2024 13:30:39.479 INFO [main] org.apache.catalina.startup.HostConfig.deployDirectory Deployment of web application directory [C:\Users\supev\Documents\EOQ\FIAP\1TDSPM\Global Solution 2\Java\gslevi\tomcat\webapps\teste_3_war] has finished in [5,555] ms
15-Nov-2024 13:30:39.479 INFO [main] org.apache.catalina.startup.HostConfig.deployDirectory Deploying web application directory [C:\Users\supev\Documents\EOQ\FIAP\1TDSPM\Global Solution 2\Java\gslevi\tomcat\webapps\webapp]
15-Nov-2024 13:30:42.523 INFO [main] org.apache.jasper.servlet.TldScanner.scanJars At least one JAR was scanned for TLDs yet contained no TLDs. Enable debug logging for this logger for a complete list of JARs that were scanned but no TLDs were found in them. Skipping unneeded JARs during scanning can improve startup time and JSP compilation time.
15-Nov-2024 13:30:43.869 WARNING [main] org.glassfish.jersey.server.wadl.WadlFeature.configure JAXBContext implementation could not be found. WADL feature is disabled.
15-Nov-2024 13:30:45.293 INFO [main] org.apache.catalina.startup.HostConfig.deployDirectory Deployment of web application directory [C:\Users\supev\Documents\EOQ\FIAP\1TDSPM\Global Solution 2\Java\gslevi\tomcat\webapps\webapp] has finished in [5,814] ms
15-Nov-2024 13:30:45.293 INFO [main] org.apache.catalina.startup.HostConfig.deployDirectory Deploying web application directory [C:\Users\supev\Documents\EOQ\FIAP\1TDSPM\Global Solution 2\Java\gslevi\tomcat\webapps\webapp_war]
15-Nov-2024 13:30:48.235 INFO [main] org.apache.jasper.servlet.TldScanner.scanJars At least one JAR was scanned for TLDs yet contained no TLDs. Enable debug logging for this logger for a complete list of JARs that were scanned but no TLDs were found in them. Skipping unneeded JARs during scanning can improve startup time and JSP compilation time.
15-Nov-2024 13:30:49.582 WARNING [main] org.glassfish.jersey.server.wadl.WadlFeature.configure JAXBContext implementation could not be found. WADL feature is disabled.
15-Nov-2024 13:30:51.056 INFO [main] org.apache.catalina.startup.HostConfig.deployDirectory Deployment of web application directory [C:\Users\supev\Documents\EOQ\FIAP\1TDSPM\Global Solution 2\Java\gslevi\tomcat\webapps\webapp_war] has finished in [5,762] ms
15-Nov-2024 13:30:51.056 INFO [main] org.apache.catalina.startup.HostConfig.deployDirectory Deploying web application directory [C:\Users\supev\Documents\EOQ\FIAP\1TDSPM\Global Solution 2\Java\gslevi\tomcat\webapps\webmechanic_war]
15-Nov-2024 13:30:53.981 INFO [main] org.apache.jasper.servlet.TldScanner.scanJars At least one JAR was scanned for TLDs yet contained no TLDs. Enable debug logging for this logger for a complete list of JARs that were scanned but no TLDs were found in them. Skipping unneeded JARs during scanning can improve startup time and JSP compilation time.
15-Nov-2024 13:30:55.286 WARNING [main] org.glassfish.jersey.server.wadl.WadlFeature.configure JAXBContext implementation could not be found. WADL feature is disabled.
15-Nov-2024 13:30:56.985 INFO [main] org.apache.catalina.startup.HostConfig.deployDirectory Deployment of web application directory [C:\Users\supev\Documents\EOQ\FIAP\1TDSPM\Global Solution 2\Java\gslevi\tomcat\webapps\webmechanic_war] has finished in [5,929] ms
15-Nov-2024 13:30:56.986 INFO [main] org.apache.catalina.startup.HostConfig.deployDirectory Deploying web application directory [C:\Users\supev\Documents\EOQ\FIAP\1TDSPM\Global Solution 2\Java\gslevi\tomcat\webapps\WebProjetoAzura_war]
15-Nov-2024 13:30:59.655 INFO [main] org.apache.jasper.servlet.TldScanner.scanJars At least one JAR was scanned for TLDs yet contained no TLDs. Enable debug logging for this logger for a complete list of JARs that were scanned but no TLDs were found in them. Skipping unneeded JARs during scanning can improve startup time and JSP compilation time.
15-Nov-2024 13:30:59.667 INFO [main] org.apache.catalina.startup.HostConfig.deployDirectory Deployment of web application directory [C:\Users\supev\Documents\EOQ\FIAP\1TDSPM\Global Solution 2\Java\gslevi\tomcat\webapps\WebProjetoAzura_war] has finished in [2,681] ms
15-Nov-2024 13:30:59.667 INFO [main] org.apache.catalina.startup.HostConfig.deployDirectory Deploying web application directory [C:\Users\supev\Documents\EOQ\FIAP\1TDSPM\Global Solution 2\Java\gslevi\tomcat\webapps\web_war]
15-Nov-2024 13:31:02.511 INFO [main] org.apache.jasper.servlet.TldScanner.scanJars At least one JAR was scanned for TLDs yet contained no TLDs. Enable debug logging for this logger for a complete list of JARs that were scanned but no TLDs were found in them. Skipping unneeded JARs during scanning can improve startup time and JSP compilation time.
15-Nov-2024 13:31:03.838 WARNING [main] org.glassfish.jersey.server.wadl.WadlFeature.configure JAXBContext implementation could not be found. WADL feature is disabled.
15-Nov-2024 13:31:05.202 INFO [main] org.apache.catalina.startup.HostConfig.deployDirectory Deployment of web application directory [C:\Users\supev\Documents\EOQ\FIAP\1TDSPM\Global Solution 2\Java\gslevi\tomcat\webapps\web_war] has finished in [5,535] ms
15-Nov-2024 13:31:05.208 INFO [main] org.apache.coyote.AbstractProtocol.start Starting ProtocolHandler ["http-nio-8080"]
15-Nov-2024 13:31:05.260 INFO [main] org.apache.catalina.startup.Catalina.start Server startup in [86679] milliseconds
15-Nov-2024 15:14:28.909 INFO [main] org.apache.catalina.startup.VersionLoggerListener.log Server version name:   Apache Tomcat/10.1.18
15-Nov-2024 15:14:28.915 INFO [main] org.apache.catalina.startup.VersionLoggerListener.log Server built:          Jan 5 2024 14:39:40 UTC
15-Nov-2024 15:14:28.915 INFO [main] org.apache.catalina.startup.VersionLoggerListener.log Server version number: 10.1.18.0
15-Nov-2024 15:14:28.915 INFO [main] org.apache.catalina.startup.VersionLoggerListener.log OS Name:               Windows 10
15-Nov-2024 15:14:28.915 INFO [main] org.apache.catalina.startup.VersionLoggerListener.log OS Version:            10.0
15-Nov-2024 15:14:28.916 INFO [main] org.apache.catalina.startup.VersionLoggerListener.log Architecture:          amd64
15-Nov-2024 15:14:28.916 INFO [main] org.apache.catalina.startup.VersionLoggerListener.log Java Home:             C:\Program Files\Java\jdk-17
15-Nov-2024 15:14:28.916 INFO [main] org.apache.catalina.startup.VersionLoggerListener.log JVM Version:           17.0.10+11-LTS-240
15-Nov-2024 15:14:28.916 INFO [main] org.apache.catalina.startup.VersionLoggerListener.log JVM Vendor:            Oracle Corporation
15-Nov-2024 15:14:28.916 INFO [main] org.apache.catalina.startup.VersionLoggerListener.log CATALINA_BASE:         C:\Users\supev\Documents\EOQ\FIAP\1TDSPM\Global Solution 2\Java\gslevi\tomcat
15-Nov-2024 15:14:28.916 INFO [main] org.apache.catalina.startup.VersionLoggerListener.log CATALINA_HOME:         C:\Users\supev\Documents\EOQ\FIAP\1TDSPM\Global Solution 2\Java\gslevi\tomcat
15-Nov-2024 15:14:28.927 INFO [main] org.apache.catalina.startup.VersionLoggerListener.log Command line argument: -Djava.util.logging.config.file=C:\Users\supev\Documents\EOQ\FIAP\1TDSPM\Global Solution 2\Java\gslevi\tomcat\conf\logging.properties
15-Nov-2024 15:14:28.927 INFO [main] org.apache.catalina.startup.VersionLoggerListener.log Command line argument: -Djava.util.logging.manager=org.apache.juli.ClassLoaderLogManager
15-Nov-2024 15:14:28.927 INFO [main] org.apache.catalina.startup.VersionLoggerListener.log Command line argument: -Djdk.tls.ephemeralDHKeySize=2048
15-Nov-2024 15:14:28.927 INFO [main] org.apache.catalina.startup.VersionLoggerListener.log Command line argument: -Djava.protocol.handler.pkgs=org.apache.catalina.webresources
15-Nov-2024 15:14:28.928 INFO [main] org.apache.catalina.startup.VersionLoggerListener.log Command line argument: --add-opens=java.base/java.lang=ALL-UNNAMED
15-Nov-2024 15:14:28.928 INFO [main] org.apache.catalina.startup.VersionLoggerListener.log Command line argument: --add-opens=java.base/java.io=ALL-UNNAMED
15-Nov-2024 15:14:28.928 INFO [main] org.apache.catalina.startup.VersionLoggerListener.log Command line argument: --add-opens=java.base/java.util=ALL-UNNAMED
15-Nov-2024 15:14:28.929 INFO [main] org.apache.catalina.startup.VersionLoggerListener.log Command line argument: --add-opens=java.base/java.util.concurrent=ALL-UNNAMED
15-Nov-2024 15:14:28.930 INFO [main] org.apache.catalina.startup.VersionLoggerListener.log Command line argument: --add-opens=java.rmi/sun.rmi.transport=ALL-UNNAMED
15-Nov-2024 15:14:28.931 INFO [main] org.apache.catalina.startup.VersionLoggerListener.log Command line argument: -Dcatalina.base=C:\Users\supev\Documents\EOQ\FIAP\1TDSPM\Global Solution 2\Java\gslevi\tomcat
15-Nov-2024 15:14:28.931 INFO [main] org.apache.catalina.startup.VersionLoggerListener.log Command line argument: -Dcatalina.home=C:\Users\supev\Documents\EOQ\FIAP\1TDSPM\Global Solution 2\Java\gslevi\tomcat
15-Nov-2024 15:14:28.932 INFO [main] org.apache.catalina.startup.VersionLoggerListener.log Command line argument: -Djava.io.tmpdir=C:\Users\supev\Documents\EOQ\FIAP\1TDSPM\Global Solution 2\Java\gslevi\tomcat\temp
15-Nov-2024 15:14:28.936 INFO [main] org.apache.catalina.core.AprLifecycleListener.lifecycleEvent Loaded Apache Tomcat Native library [2.0.6] using APR version [1.7.4].
15-Nov-2024 15:14:28.941 INFO [main] org.apache.catalina.core.AprLifecycleListener.initializeSSL OpenSSL successfully initialized [OpenSSL 3.0.11 19 Sep 2023]
15-Nov-2024 15:14:29.125 INFO [main] org.apache.coyote.AbstractProtocol.init Initializing ProtocolHandler ["http-nio-8080"]
15-Nov-2024 15:14:29.150 INFO [main] org.apache.catalina.startup.Catalina.load Server initialization in [415] milliseconds
15-Nov-2024 15:14:29.198 INFO [main] org.apache.catalina.core.StandardService.startInternal Starting service [Catalina]
15-Nov-2024 15:14:29.198 INFO [main] org.apache.catalina.core.StandardEngine.startInternal Starting Servlet engine: [Apache Tomcat/10.1.18]
15-Nov-2024 15:14:29.239 INFO [main] org.apache.catalina.startup.HostConfig.deployWAR Deploying web application archive [C:\Users\supev\Documents\EOQ\FIAP\1TDSPM\Global Solution 2\Java\gslevi\tomcat\webapps\gslevi.war]
15-Nov-2024 15:14:32.557 INFO [main] org.apache.jasper.servlet.TldScanner.scanJars At least one JAR was scanned for TLDs yet contained no TLDs. Enable debug logging for this logger for a complete list of JARs that were scanned but no TLDs were found in them. Skipping unneeded JARs during scanning can improve startup time and JSP compilation time.
15-Nov-2024 15:14:34.083 WARNING [main] org.glassfish.jersey.server.wadl.WadlFeature.configure JAXBContext implementation could not be found. WADL feature is disabled.
15-Nov-2024 15:14:35.695 INFO [main] org.apache.catalina.startup.HostConfig.deployWAR Deployment of web application archive [C:\Users\supev\Documents\EOQ\FIAP\1TDSPM\Global Solution 2\Java\gslevi\tomcat\webapps\gslevi.war] has finished in [6,455] ms
15-Nov-2024 15:14:35.695 INFO [main] org.apache.catalina.startup.HostConfig.deployDirectory Deploying web application directory [C:\Users\supev\Documents\EOQ\FIAP\1TDSPM\Global Solution 2\Java\gslevi\tomcat\webapps\docs]
15-Nov-2024 15:14:35.772 INFO [main] org.apache.catalina.startup.HostConfig.deployDirectory Deployment of web application directory [C:\Users\supev\Documents\EOQ\FIAP\1TDSPM\Global Solution 2\Java\gslevi\tomcat\webapps\docs] has finished in [77] ms
15-Nov-2024 15:14:35.772 INFO [main] org.apache.catalina.startup.HostConfig.deployDirectory Deploying web application directory [C:\Users\supev\Documents\EOQ\FIAP\1TDSPM\Global Solution 2\Java\gslevi\tomcat\webapps\examples]
15-Nov-2024 15:14:36.792 INFO [main] org.apache.catalina.startup.HostConfig.deployDirectory Deployment of web application directory [C:\Users\supev\Documents\EOQ\FIAP\1TDSPM\Global Solution 2\Java\gslevi\tomcat\webapps\examples] has finished in [1,020] ms
15-Nov-2024 15:14:36.793 INFO [main] org.apache.catalina.startup.HostConfig.deployDirectory Deploying web application directory [C:\Users\supev\Documents\EOQ\FIAP\1TDSPM\Global Solution 2\Java\gslevi\tomcat\webapps\gslevi_war]
15-Nov-2024 15:14:39.702 INFO [main] org.apache.jasper.servlet.TldScanner.scanJars At least one JAR was scanned for TLDs yet contained no TLDs. Enable debug logging for this logger for a complete list of JARs that were scanned but no TLDs were found in them. Skipping unneeded JARs during scanning can improve startup time and JSP compilation time.
15-Nov-2024 15:14:41.016 WARNING [main] org.glassfish.jersey.server.wadl.WadlFeature.configure JAXBContext implementation could not be found. WADL feature is disabled.
15-Nov-2024 15:14:42.488 INFO [main] org.apache.catalina.startup.HostConfig.deployDirectory Deployment of web application directory [C:\Users\supev\Documents\EOQ\FIAP\1TDSPM\Global Solution 2\Java\gslevi\tomcat\webapps\gslevi_war] has finished in [5,694] ms
15-Nov-2024 15:14:42.488 INFO [main] org.apache.catalina.startup.HostConfig.deployDirectory Deploying web application directory [C:\Users\supev\Documents\EOQ\FIAP\1TDSPM\Global Solution 2\Java\gslevi\tomcat\webapps\GS_LEVI_war]
15-Nov-2024 15:14:45.530 INFO [main] org.apache.jasper.servlet.TldScanner.scanJars At least one JAR was scanned for TLDs yet contained no TLDs. Enable debug logging for this logger for a complete list of JARs that were scanned but no TLDs were found in them. Skipping unneeded JARs during scanning can improve startup time and JSP compilation time.
15-Nov-2024 15:14:46.834 WARNING [main] org.glassfish.jersey.server.wadl.WadlFeature.configure JAXBContext implementation could not be found. WADL feature is disabled.
15-Nov-2024 15:14:48.170 INFO [main] org.apache.catalina.startup.HostConfig.deployDirectory Deployment of web application directory [C:\Users\supev\Documents\EOQ\FIAP\1TDSPM\Global Solution 2\Java\gslevi\tomcat\webapps\GS_LEVI_war] has finished in [5,682] ms
15-Nov-2024 15:14:48.170 INFO [main] org.apache.catalina.startup.HostConfig.deployDirectory Deploying web application directory [C:\Users\supev\Documents\EOQ\FIAP\1TDSPM\Global Solution 2\Java\gslevi\tomcat\webapps\host-manager]
15-Nov-2024 15:14:48.246 INFO [main] org.apache.catalina.startup.HostConfig.deployDirectory Deployment of web application directory [C:\Users\supev\Documents\EOQ\FIAP\1TDSPM\Global Solution 2\Java\gslevi\tomcat\webapps\host-manager] has finished in [76] ms
15-Nov-2024 15:14:48.246 INFO [main] org.apache.catalina.startup.HostConfig.deployDirectory Deploying web application directory [C:\Users\supev\Documents\EOQ\FIAP\1TDSPM\Global Solution 2\Java\gslevi\tomcat\webapps\Java_Web]
15-Nov-2024 15:14:51.214 INFO [main] org.apache.jasper.servlet.TldScanner.scanJars At least one JAR was scanned for TLDs yet contained no TLDs. Enable debug logging for this logger for a complete list of JARs that were scanned but no TLDs were found in them. Skipping unneeded JARs during scanning can improve startup time and JSP compilation time.
15-Nov-2024 15:14:52.523 WARNING [main] org.glassfish.jersey.server.wadl.WadlFeature.configure JAXBContext implementation could not be found. WADL feature is disabled.
15-Nov-2024 15:14:53.966 INFO [main] org.apache.catalina.startup.HostConfig.deployDirectory Deployment of web application directory [C:\Users\supev\Documents\EOQ\FIAP\1TDSPM\Global Solution 2\Java\gslevi\tomcat\webapps\Java_Web] has finished in [5,720] ms
15-Nov-2024 15:14:53.966 INFO [main] org.apache.catalina.startup.HostConfig.deployDirectory Deploying web application directory [C:\Users\supev\Documents\EOQ\FIAP\1TDSPM\Global Solution 2\Java\gslevi\tomcat\webapps\manager]
15-Nov-2024 15:14:54.049 INFO [main] org.apache.catalina.startup.HostConfig.deployDirectory Deployment of web application directory [C:\Users\supev\Documents\EOQ\FIAP\1TDSPM\Global Solution 2\Java\gslevi\tomcat\webapps\manager] has finished in [83] ms
15-Nov-2024 15:14:54.050 INFO [main] org.apache.catalina.startup.HostConfig.deployDirectory Deploying web application directory [C:\Users\supev\Documents\EOQ\FIAP\1TDSPM\Global Solution 2\Java\gslevi\tomcat\webapps\ROOT]
15-Nov-2024 15:14:54.100 INFO [main] org.apache.catalina.startup.HostConfig.deployDirectory Deployment of web application directory [C:\Users\supev\Documents\EOQ\FIAP\1TDSPM\Global Solution 2\Java\gslevi\tomcat\webapps\ROOT] has finished in [50] ms
15-Nov-2024 15:14:54.104 INFO [main] org.apache.coyote.AbstractProtocol.start Starting ProtocolHandler ["http-nio-8080"]
15-Nov-2024 15:14:54.151 INFO [main] org.apache.catalina.startup.Catalina.start Server startup in [25001] milliseconds
15-Nov-2024 15:49:44.968 INFO [main] org.apache.catalina.startup.VersionLoggerListener.log Server version name:   Apache Tomcat/10.1.18
15-Nov-2024 15:49:44.972 INFO [main] org.apache.catalina.startup.VersionLoggerListener.log Server built:          Jan 5 2024 14:39:40 UTC
15-Nov-2024 15:49:44.973 INFO [main] org.apache.catalina.startup.VersionLoggerListener.log Server version number: 10.1.18.0
15-Nov-2024 15:49:44.973 INFO [main] org.apache.catalina.startup.VersionLoggerListener.log OS Name:               Windows 10
15-Nov-2024 15:49:44.973 INFO [main] org.apache.catalina.startup.VersionLoggerListener.log OS Version:            10.0
15-Nov-2024 15:49:44.974 INFO [main] org.apache.catalina.startup.VersionLoggerListener.log Architecture:          amd64
15-Nov-2024 15:49:44.974 INFO [main] org.apache.catalina.startup.VersionLoggerListener.log Java Home:             C:\Program Files\Java\jdk-17
15-Nov-2024 15:49:44.974 INFO [main] org.apache.catalina.startup.VersionLoggerListener.log JVM Version:           17.0.10+11-LTS-240
15-Nov-2024 15:49:44.974 INFO [main] org.apache.catalina.startup.VersionLoggerListener.log JVM Vendor:            Oracle Corporation
15-Nov-2024 15:49:44.974 INFO [main] org.apache.catalina.startup.VersionLoggerListener.log CATALINA_BASE:         C:\Users\supev\Documents\EOQ\FIAP\1TDSPM\Global Solution 2\Java\gslevi\tomcat
15-Nov-2024 15:49:44.975 INFO [main] org.apache.catalina.startup.VersionLoggerListener.log CATALINA_HOME:         C:\Users\supev\Documents\EOQ\FIAP\1TDSPM\Global Solution 2\Java\gslevi\tomcat
15-Nov-2024 15:49:44.983 INFO [main] org.apache.catalina.startup.VersionLoggerListener.log Command line argument: -Djava.util.logging.config.file=C:\Users\supev\Documents\EOQ\FIAP\1TDSPM\Global Solution 2\Java\gslevi\tomcat\conf\logging.properties
15-Nov-2024 15:49:44.983 INFO [main] org.apache.catalina.startup.VersionLoggerListener.log Command line argument: -Djava.util.logging.manager=org.apache.juli.ClassLoaderLogManager
15-Nov-2024 15:49:44.983 INFO [main] org.apache.catalina.startup.VersionLoggerListener.log Command line argument: -Djdk.tls.ephemeralDHKeySize=2048
15-Nov-2024 15:49:44.984 INFO [main] org.apache.catalina.startup.VersionLoggerListener.log Command line argument: -Djava.protocol.handler.pkgs=org.apache.catalina.webresources
15-Nov-2024 15:49:44.984 INFO [main] org.apache.catalina.startup.VersionLoggerListener.log Command line argument: --add-opens=java.base/java.lang=ALL-UNNAMED
15-Nov-2024 15:49:44.984 INFO [main] org.apache.catalina.startup.VersionLoggerListener.log Command line argument: --add-opens=java.base/java.io=ALL-UNNAMED
15-Nov-2024 15:49:44.986 INFO [main] org.apache.catalina.startup.VersionLoggerListener.log Command line argument: --add-opens=java.base/java.util=ALL-UNNAMED
15-Nov-2024 15:49:44.987 INFO [main] org.apache.catalina.startup.VersionLoggerListener.log Command line argument: --add-opens=java.base/java.util.concurrent=ALL-UNNAMED
15-Nov-2024 15:49:44.988 INFO [main] org.apache.catalina.startup.VersionLoggerListener.log Command line argument: --add-opens=java.rmi/sun.rmi.transport=ALL-UNNAMED
15-Nov-2024 15:49:44.988 INFO [main] org.apache.catalina.startup.VersionLoggerListener.log Command line argument: -Dcatalina.base=C:\Users\supev\Documents\EOQ\FIAP\1TDSPM\Global Solution 2\Java\gslevi\tomcat
15-Nov-2024 15:49:44.989 INFO [main] org.apache.catalina.startup.VersionLoggerListener.log Command line argument: -Dcatalina.home=C:\Users\supev\Documents\EOQ\FIAP\1TDSPM\Global Solution 2\Java\gslevi\tomcat
15-Nov-2024 15:49:44.989 INFO [main] org.apache.catalina.startup.VersionLoggerListener.log Command line argument: -Djava.io.tmpdir=C:\Users\supev\Documents\EOQ\FIAP\1TDSPM\Global Solution 2\Java\gslevi\tomcat\temp
15-Nov-2024 15:49:44.993 INFO [main] org.apache.catalina.core.AprLifecycleListener.lifecycleEvent Loaded Apache Tomcat Native library [2.0.6] using APR version [1.7.4].
15-Nov-2024 15:49:44.998 INFO [main] org.apache.catalina.core.AprLifecycleListener.initializeSSL OpenSSL successfully initialized [OpenSSL 3.0.11 19 Sep 2023]
15-Nov-2024 15:49:45.216 INFO [main] org.apache.coyote.AbstractProtocol.init Initializing ProtocolHandler ["http-nio-8080"]
15-Nov-2024 15:49:45.241 INFO [main] org.apache.catalina.startup.Catalina.load Server initialization in [449] milliseconds
15-Nov-2024 15:49:45.292 INFO [main] org.apache.catalina.core.StandardService.startInternal Starting service [Catalina]
15-Nov-2024 15:49:45.292 INFO [main] org.apache.catalina.core.StandardEngine.startInternal Starting Servlet engine: [Apache Tomcat/10.1.18]
15-Nov-2024 15:49:45.321 INFO [main] org.apache.catalina.startup.HostConfig.deployWAR Deploying web application archive [C:\Users\supev\Documents\EOQ\FIAP\1TDSPM\Global Solution 2\Java\gslevi\tomcat\webapps\gslevi.war]
15-Nov-2024 15:49:45.342 INFO [main] org.apache.catalina.startup.ExpandWar.expand An expanded directory [C:\Users\supev\Documents\EOQ\FIAP\1TDSPM\Global Solution 2\Java\gslevi\tomcat\webapps\gslevi] was found with a last modified time that did not match the associated WAR. It will be deleted.
15-Nov-2024 15:49:48.847 INFO [main] org.apache.jasper.servlet.TldScanner.scanJars At least one JAR was scanned for TLDs yet contained no TLDs. Enable debug logging for this logger for a complete list of JARs that were scanned but no TLDs were found in them. Skipping unneeded JARs during scanning can improve startup time and JSP compilation time.
15-Nov-2024 15:49:50.328 WARNING [main] org.glassfish.jersey.server.wadl.WadlFeature.configure JAXBContext implementation could not be found. WADL feature is disabled.
15-Nov-2024 15:49:51.919 INFO [main] org.apache.catalina.startup.HostConfig.deployWAR Deployment of web application archive [C:\Users\supev\Documents\EOQ\FIAP\1TDSPM\Global Solution 2\Java\gslevi\tomcat\webapps\gslevi.war] has finished in [6,598] ms
15-Nov-2024 15:49:51.920 INFO [main] org.apache.catalina.startup.HostConfig.deployDirectory Deploying web application directory [C:\Users\supev\Documents\EOQ\FIAP\1TDSPM\Global Solution 2\Java\gslevi\tomcat\webapps\docs]
15-Nov-2024 15:49:51.990 INFO [main] org.apache.catalina.startup.HostConfig.deployDirectory Deployment of web application directory [C:\Users\supev\Documents\EOQ\FIAP\1TDSPM\Global Solution 2\Java\gslevi\tomcat\webapps\docs] has finished in [70] ms
15-Nov-2024 15:49:51.990 INFO [main] org.apache.catalina.startup.HostConfig.deployDirectory Deploying web application directory [C:\Users\supev\Documents\EOQ\FIAP\1TDSPM\Global Solution 2\Java\gslevi\tomcat\webapps\examples]
15-Nov-2024 15:49:53.116 INFO [main] org.apache.catalina.startup.HostConfig.deployDirectory Deployment of web application directory [C:\Users\supev\Documents\EOQ\FIAP\1TDSPM\Global Solution 2\Java\gslevi\tomcat\webapps\examples] has finished in [1,126] ms
15-Nov-2024 15:49:53.117 INFO [main] org.apache.catalina.startup.HostConfig.deployDirectory Deploying web application directory [C:\Users\supev\Documents\EOQ\FIAP\1TDSPM\Global Solution 2\Java\gslevi\tomcat\webapps\gslevi_war]
15-Nov-2024 15:49:56.046 INFO [main] org.apache.jasper.servlet.TldScanner.scanJars At least one JAR was scanned for TLDs yet contained no TLDs. Enable debug logging for this logger for a complete list of JARs that were scanned but no TLDs were found in them. Skipping unneeded JARs during scanning can improve startup time and JSP compilation time.
15-Nov-2024 15:49:57.382 WARNING [main] org.glassfish.jersey.server.wadl.WadlFeature.configure JAXBContext implementation could not be found. WADL feature is disabled.
15-Nov-2024 15:49:58.865 INFO [main] org.apache.catalina.startup.HostConfig.deployDirectory Deployment of web application directory [C:\Users\supev\Documents\EOQ\FIAP\1TDSPM\Global Solution 2\Java\gslevi\tomcat\webapps\gslevi_war] has finished in [5,748] ms
15-Nov-2024 15:49:58.866 INFO [main] org.apache.catalina.startup.HostConfig.deployDirectory Deploying web application directory [C:\Users\supev\Documents\EOQ\FIAP\1TDSPM\Global Solution 2\Java\gslevi\tomcat\webapps\GS_LEVI_war]
15-Nov-2024 15:50:01.974 INFO [main] org.apache.jasper.servlet.TldScanner.scanJars At least one JAR was scanned for TLDs yet contained no TLDs. Enable debug logging for this logger for a complete list of JARs that were scanned but no TLDs were found in them. Skipping unneeded JARs during scanning can improve startup time and JSP compilation time.
15-Nov-2024 15:50:03.289 WARNING [main] org.glassfish.jersey.server.wadl.WadlFeature.configure JAXBContext implementation could not be found. WADL feature is disabled.
15-Nov-2024 15:50:04.637 INFO [main] org.apache.catalina.startup.HostConfig.deployDirectory Deployment of web application directory [C:\Users\supev\Documents\EOQ\FIAP\1TDSPM\Global Solution 2\Java\gslevi\tomcat\webapps\GS_LEVI_war] has finished in [5,771] ms
15-Nov-2024 15:50:04.638 INFO [main] org.apache.catalina.startup.HostConfig.deployDirectory Deploying web application directory [C:\Users\supev\Documents\EOQ\FIAP\1TDSPM\Global Solution 2\Java\gslevi\tomcat\webapps\host-manager]
15-Nov-2024 15:50:04.714 INFO [main] org.apache.catalina.startup.HostConfig.deployDirectory Deployment of web application directory [C:\Users\supev\Documents\EOQ\FIAP\1TDSPM\Global Solution 2\Java\gslevi\tomcat\webapps\host-manager] has finished in [76] ms
15-Nov-2024 15:50:04.714 INFO [main] org.apache.catalina.startup.HostConfig.deployDirectory Deploying web application directory [C:\Users\supev\Documents\EOQ\FIAP\1TDSPM\Global Solution 2\Java\gslevi\tomcat\webapps\Java_Web]
15-Nov-2024 15:50:07.669 INFO [main] org.apache.jasper.servlet.TldScanner.scanJars At least one JAR was scanned for TLDs yet contained no TLDs. Enable debug logging for this logger for a complete list of JARs that were scanned but no TLDs were found in them. Skipping unneeded JARs during scanning can improve startup time and JSP compilation time.
15-Nov-2024 15:50:08.983 WARNING [main] org.glassfish.jersey.server.wadl.WadlFeature.configure JAXBContext implementation could not be found. WADL feature is disabled.
15-Nov-2024 15:50:10.435 INFO [main] org.apache.catalina.startup.HostConfig.deployDirectory Deployment of web application directory [C:\Users\supev\Documents\EOQ\FIAP\1TDSPM\Global Solution 2\Java\gslevi\tomcat\webapps\Java_Web] has finished in [5,721] ms
15-Nov-2024 15:50:10.435 INFO [main] org.apache.catalina.startup.HostConfig.deployDirectory Deploying web application directory [C:\Users\supev\Documents\EOQ\FIAP\1TDSPM\Global Solution 2\Java\gslevi\tomcat\webapps\manager]
15-Nov-2024 15:50:10.517 INFO [main] org.apache.catalina.startup.HostConfig.deployDirectory Deployment of web application directory [C:\Users\supev\Documents\EOQ\FIAP\1TDSPM\Global Solution 2\Java\gslevi\tomcat\webapps\manager] has finished in [82] ms
15-Nov-2024 15:50:10.517 INFO [main] org.apache.catalina.startup.HostConfig.deployDirectory Deploying web application directory [C:\Users\supev\Documents\EOQ\FIAP\1TDSPM\Global Solution 2\Java\gslevi\tomcat\webapps\ROOT]
15-Nov-2024 15:50:10.567 INFO [main] org.apache.catalina.startup.HostConfig.deployDirectory Deployment of web application directory [C:\Users\supev\Documents\EOQ\FIAP\1TDSPM\Global Solution 2\Java\gslevi\tomcat\webapps\ROOT] has finished in [50] ms
15-Nov-2024 15:50:10.570 INFO [main] org.apache.coyote.AbstractProtocol.start Starting ProtocolHandler ["http-nio-8080"]
15-Nov-2024 15:50:10.617 INFO [main] org.apache.catalina.startup.Catalina.start Server startup in [25375] milliseconds
